  ▲ Next.js 14.2.35
  - Environments: .env.local, .env.production, .env
  - Experiments (use with caution):
    · webpackBuildWorker

   Creating an optimized production build ...
Browserslist: caniuse-lite is outdated. Please run:
  npx update-browserslist-db@latest
  Why you should do it regularly: https://github.com/browserslist/update-db#readme
 ✓ Compiled successfully
   Skipping validation of types
   Skipping linting
   Collecting page data ...
   Generating static pages (0/72) ...
Error obteniendo config de email: n [Error]: Dynamic server usage: Route /api/billing/email-config couldn't be rendered statically because it used `cookies`. See more info here: https://nextjs.org/docs/messages/dynamic-server-error
    at l (/home/deploy/frontend/.next-prod-deploy/server/chunks/2601.js:1:37221)
    at f (/home/deploy/frontend/.next-prod-deploy/server/chunks/9728.js:1:2680)
    at d (/home/deploy/frontend/.next-prod-deploy/server/app/api/billing/email-config/route.js:1:911)
    at /home/deploy/frontend/node_modules/.pnpm/next@14.2.35_@babel+core@7.28.5_react-dom@18.3.1_react@18.3.1__react@18.3.1/node_modules/next/dist/compiled/next-server/app-route.runtime.prod.js:6:38417
    at /home/deploy/frontend/node_modules/.pnpm/next@14.2.35_@babel+core@7.28.5_react-dom@18.3.1_react@18.3.1__react@18.3.1/node_modules/next/dist/server/lib/trace/tracer.js:140:36
    at NoopContextManager.with (/home/deploy/frontend/node_modules/.pnpm/next@14.2.35_@babel+core@7.28.5_react-dom@18.3.1_react@18.3.1__react@18.3.1/node_modules/next/dist/compiled/@opentelemetry/api/index.js:1:7062)
    at ContextAPI.with (/home/deploy/frontend/node_modules/.pnpm/next@14.2.35_@babel+core@7.28.5_react-dom@18.3.1_react@18.3.1__react@18.3.1/node_modules/next/dist/compiled/@opentelemetry/api/index.js:1:518)
    at NoopTracer.startActiveSpan (/home/deploy/frontend/node_modules/.pnpm/next@14.2.35_@babel+core@7.28.5_react-dom@18.3.1_react@18.3.1__react@18.3.1/node_modules/next/dist/compiled/@opentelemetry/api/index.js:1:18093)
    at ProxyTracer.startActiveSpan (/home/deploy/frontend/node_modules/.pnpm/next@14.2.35_@babel+core@7.28.5_react-dom@18.3.1_react@18.3.1__react@18.3.1/node_modules/next/dist/compiled/@opentelemetry/api/index.js:1:18854)
    at /home/deploy/frontend/node_modules/.pnpm/next@14.2.35_@babel+core@7.28.5_react-dom@18.3.1_react@18.3.1__react@18.3.1/node_modules/next/dist/server/lib/trace/tracer.js:122:103 {
  description: "Route /api/billing/email-config couldn't be rendered statically because it used `cookies`. See more info here: https://nextjs.org/docs/messages/dynamic-server-error",
  digest: 'DYNAMIC_SERVER_USAGE'
}
Error verificando autenticación: n [Error]: Dynamic server usage: Route /api/company-info couldn't be rendered statically because it used `cookies`. See more info here: https://nextjs.org/docs/messages/dynamic-server-error
    at l (/home/deploy/frontend/.next-prod-deploy/server/chunks/2601.js:1:37221)
    at f (/home/deploy/frontend/.next-prod-deploy/server/chunks/9728.js:1:2680)
    at l (/home/deploy/frontend/.next-prod-deploy/server/app/api/company-info/route.js:1:920)
    at f (/home/deploy/frontend/.next-prod-deploy/server/app/api/company-info/route.js:1:1792)
    at /home/deploy/frontend/node_modules/.pnpm/next@14.2.35_@babel+core@7.28.5_react-dom@18.3.1_react@18.3.1__react@18.3.1/node_modules/next/dist/compiled/next-server/app-route.runtime.prod.js:6:38417
    at /home/deploy/frontend/node_modules/.pnpm/next@14.2.35_@babel+core@7.28.5_react-dom@18.3.1_react@18.3.1__react@18.3.1/node_modules/next/dist/server/lib/trace/tracer.js:140:36
    at NoopContextManager.with (/home/deploy/frontend/node_modules/.pnpm/next@14.2.35_@babel+core@7.28.5_react-dom@18.3.1_react@18.3.1__react@18.3.1/node_modules/next/dist/compiled/@opentelemetry/api/index.js:1:7062)
    at ContextAPI.with (/home/deploy/frontend/node_modules/.pnpm/next@14.2.35_@babel+core@7.28.5_react-dom@18.3.1_react@18.3.1__react@18.3.1/node_modules/next/dist/compiled/@opentelemetry/api/index.js:1:518)
    at NoopTracer.startActiveSpan (/home/deploy/frontend/node_modules/.pnpm/next@14.2.35_@babel+core@7.28.5_react-dom@18.3.1_react@18.3.1__react@18.3.1/node_modules/next/dist/compiled/@opentelemetry/api/index.js:1:18093)
    at ProxyTracer.startActiveSpan (/home/deploy/frontend/node_modules/.pnpm/next@14.2.35_@babel+core@7.28.5_react-dom@18.3.1_react@18.3.1__react@18.3.1/node_modules/next/dist/compiled/@opentelemetry/api/index.js:1:18854) {
  description: "Route /api/company-info couldn't be rendered statically because it used `cookies`. See more info here: https://nextjs.org/docs/messages/dynamic-server-error",
  digest: 'DYNAMIC_SERVER_USAGE'
}
Error en getCurrentUserProfile: n [Error]: Dynamic server usage: Route /api/fleet/check-initials couldn't be rendered statically because it used `cookies`. See more info here: https://nextjs.org/docs/messages/dynamic-server-error
    at l (/home/deploy/frontend/.next-prod-deploy/server/chunks/2601.js:1:37221)
    at f (/home/deploy/frontend/.next-prod-deploy/server/chunks/9728.js:1:2680)
    at i (/home/deploy/frontend/.next-prod-deploy/server/app/api/auth/change-password/route.js:1:2299)
    at i (/home/deploy/frontend/.next-prod-deploy/server/app/api/billing/email-config/route.js:1:2955)
    at p (/home/deploy/frontend/.next-prod-deploy/server/app/api/fleet/check-initials/route.js:1:902)
    at /home/deploy/frontend/node_modules/.pnpm/next@14.2.35_@babel+core@7.28.5_react-dom@18.3.1_react@18.3.1__react@18.3.1/node_modules/next/dist/compiled/next-server/app-route.runtime.prod.js:6:38417
    at /home/deploy/frontend/node_modules/.pnpm/next@14.2.35_@babel+core@7.28.5_react-dom@18.3.1_react@18.3.1__react@18.3.1/node_modules/next/dist/server/lib/trace/tracer.js:140:36
    at NoopContextManager.with (/home/deploy/frontend/node_modules/.pnpm/next@14.2.35_@babel+core@7.28.5_react-dom@18.3.1_react@18.3.1__react@18.3.1/node_modules/next/dist/compiled/@opentelemetry/api/index.js:1:7062)
    at ContextAPI.with (/home/deploy/frontend/node_modules/.pnpm/next@14.2.35_@babel+core@7.28.5_react-dom@18.3.1_react@18.3.1__react@18.3.1/node_modules/next/dist/compiled/@opentelemetry/api/index.js:1:518)
    at NoopTracer.startActiveSpan (/home/deploy/frontend/node_modules/.pnpm/next@14.2.35_@babel+core@7.28.5_react-dom@18.3.1_react@18.3.1__react@18.3.1/node_modules/next/dist/compiled/@opentelemetry/api/index.js:1:18093) {
  description: "Route /api/fleet/check-initials couldn't be rendered statically because it used `cookies`. See more info here: https://nextjs.org/docs/messages/dynamic-server-error",
  digest: 'DYNAMIC_SERVER_USAGE'
}
   Generating static pages (18/72) 
Error en getCurrentUserProfile: n [Error]: Dynamic server usage: Route /api/maintenance-kits couldn't be rendered statically because it used `cookies`. See more info here: https://nextjs.org/docs/messages/dynamic-server-error
    at l (/home/deploy/frontend/.next-prod-deploy/server/chunks/2601.js:1:37221)
    at f (/home/deploy/frontend/.next-prod-deploy/server/chunks/9728.js:1:2680)
    at i (/home/deploy/frontend/.next-prod-deploy/server/app/api/auth/change-password/route.js:1:2299)
    at i (/home/deploy/frontend/.next-prod-deploy/server/app/api/billing/email-config/route.js:1:2955)
    at p (/home/deploy/frontend/.next-prod-deploy/server/app/api/maintenance-kits/route.js:1:895)
    at /home/deploy/frontend/node_modules/.pnpm/next@14.2.35_@babel+core@7.28.5_react-dom@18.3.1_react@18.3.1__react@18.3.1/node_modules/next/dist/compiled/next-server/app-route.runtime.prod.js:6:38417
    at /home/deploy/frontend/node_modules/.pnpm/next@14.2.35_@babel+core@7.28.5_react-dom@18.3.1_react@18.3.1__react@18.3.1/node_modules/next/dist/server/lib/trace/tracer.js:140:36
    at NoopContextManager.with (/home/deploy/frontend/node_modules/.pnpm/next@14.2.35_@babel+core@7.28.5_react-dom@18.3.1_react@18.3.1__react@18.3.1/node_modules/next/dist/compiled/@opentelemetry/api/index.js:1:7062)
    at ContextAPI.with (/home/deploy/frontend/node_modules/.pnpm/next@14.2.35_@babel+core@7.28.5_react-dom@18.3.1_react@18.3.1__react@18.3.1/node_modules/next/dist/compiled/@opentelemetry/api/index.js:1:518)
    at NoopTracer.startActiveSpan (/home/deploy/frontend/node_modules/.pnpm/next@14.2.35_@babel+core@7.28.5_react-dom@18.3.1_react@18.3.1__react@18.3.1/node_modules/next/dist/compiled/@opentelemetry/api/index.js:1:18093) {
  description: "Route /api/maintenance-kits couldn't be rendered statically because it used `cookies`. See more info here: https://nextjs.org/docs/messages/dynamic-server-error",
  digest: 'DYNAMIC_SERVER_USAGE'
}
Error obteniendo user-profile actual: n [Error]: Dynamic server usage: Route /api/reminders couldn't be rendered statically because it used `cookies`. See more info here: https://nextjs.org/docs/messages/dynamic-server-error
    at l (/home/deploy/frontend/.next-prod-deploy/server/chunks/2601.js:1:37221)
    at f (/home/deploy/frontend/.next-prod-deploy/server/chunks/9728.js:1:2680)
    at p (/home/deploy/frontend/.next-prod-deploy/server/app/api/reminders/route.js:1:910)
    at m (/home/deploy/frontend/.next-prod-deploy/server/app/api/reminders/route.js:1:2032)
    at /home/deploy/frontend/node_modules/.pnpm/next@14.2.35_@babel+core@7.28.5_react-dom@18.3.1_react@18.3.1__react@18.3.1/node_modules/next/dist/compiled/next-server/app-route.runtime.prod.js:6:38417
    at /home/deploy/frontend/node_modules/.pnpm/next@14.2.35_@babel+core@7.28.5_react-dom@18.3.1_react@18.3.1__react@18.3.1/node_modules/next/dist/server/lib/trace/tracer.js:140:36
    at NoopContextManager.with (/home/deploy/frontend/node_modules/.pnpm/next@14.2.35_@babel+core@7.28.5_react-dom@18.3.1_react@18.3.1__react@18.3.1/node_modules/next/dist/compiled/@opentelemetry/api/index.js:1:7062)
    at ContextAPI.with (/home/deploy/frontend/node_modules/.pnpm/next@14.2.35_@babel+core@7.28.5_react-dom@18.3.1_react@18.3.1__react@18.3.1/node_modules/next/dist/compiled/@opentelemetry/api/index.js:1:518)
    at NoopTracer.startActiveSpan (/home/deploy/frontend/node_modules/.pnpm/next@14.2.35_@babel+core@7.28.5_react-dom@18.3.1_react@18.3.1__react@18.3.1/node_modules/next/dist/compiled/@opentelemetry/api/index.js:1:18093)
    at ProxyTracer.startActiveSpan (/home/deploy/frontend/node_modules/.pnpm/next@14.2.35_@babel+core@7.28.5_react-dom@18.3.1_react@18.3.1__react@18.3.1/node_modules/next/dist/compiled/@opentelemetry/api/index.js:1:18854) {
  description: "Route /api/reminders couldn't be rendered statically because it used `cookies`. See more info here: https://nextjs.org/docs/messages/dynamic-server-error",
  digest: 'DYNAMIC_SERVER_USAGE'
}
   Generating static pages (36/72) 
[API /user-profile/me] Error: n [Error]: Dynamic server usage: Route /api/user-profile/me couldn't be rendered statically because it used `cookies`. See more info here: https://nextjs.org/docs/messages/dynamic-server-error
    at l (/home/deploy/frontend/.next-prod-deploy/server/chunks/2601.js:1:37221)
    at f (/home/deploy/frontend/.next-prod-deploy/server/chunks/9728.js:1:2680)
    at c (/home/deploy/frontend/.next-prod-deploy/server/app/api/user-profile/me/route.js:1:910)
    at /home/deploy/frontend/node_modules/.pnpm/next@14.2.35_@babel+core@7.28.5_react-dom@18.3.1_react@18.3.1__react@18.3.1/node_modules/next/dist/compiled/next-server/app-route.runtime.prod.js:6:38417
    at /home/deploy/frontend/node_modules/.pnpm/next@14.2.35_@babel+core@7.28.5_react-dom@18.3.1_react@18.3.1__react@18.3.1/node_modules/next/dist/server/lib/trace/tracer.js:140:36
    at NoopContextManager.with (/home/deploy/frontend/node_modules/.pnpm/next@14.2.35_@babel+core@7.28.5_react-dom@18.3.1_react@18.3.1__react@18.3.1/node_modules/next/dist/compiled/@opentelemetry/api/index.js:1:7062)
    at ContextAPI.with (/home/deploy/frontend/node_modules/.pnpm/next@14.2.35_@babel+core@7.28.5_react-dom@18.3.1_react@18.3.1__react@18.3.1/node_modules/next/dist/compiled/@opentelemetry/api/index.js:1:518)
    at NoopTracer.startActiveSpan (/home/deploy/frontend/node_modules/.pnpm/next@14.2.35_@babel+core@7.28.5_react-dom@18.3.1_react@18.3.1__react@18.3.1/node_modules/next/dist/compiled/@opentelemetry/api/index.js:1:18093)
    at ProxyTracer.startActiveSpan (/home/deploy/frontend/node_modules/.pnpm/next@14.2.35_@babel+core@7.28.5_react-dom@18.3.1_react@18.3.1__react@18.3.1/node_modules/next/dist/compiled/@opentelemetry/api/index.js:1:18854)
    at /home/deploy/frontend/node_modules/.pnpm/next@14.2.35_@babel+core@7.28.5_react-dom@18.3.1_react@18.3.1__react@18.3.1/node_modules/next/dist/server/lib/trace/tracer.js:122:103 {
  description: "Route /api/user-profile/me couldn't be rendered statically because it used `cookies`. See more info here: https://nextjs.org/docs/messages/dynamic-server-error",
  digest: 'DYNAMIC_SERVER_USAGE'
}
   Generating static pages (54/72) 
 ✓ Generating static pages (72/72)
   Finalizing page optimization ...
   Collecting build traces ...

Route (app)                                   Size     First Load JS
┌ ○ /                                         152 B          87.8 kB
├ ○ /_not-found                               878 B          88.6 kB
├ ○ /adm-services                             9.71 kB         192 kB
├ ƒ /adm-services/details/[id]                11.1 kB         194 kB
├ ○ /admin/migration                          5.74 kB         174 kB
├ ƒ /api/auth/change-password                 0 B                0 B
├ ƒ /api/billing                              0 B                0 B
├ ƒ /api/billing-document/[documentId]        0 B                0 B
├ ƒ /api/billing/[id]                         0 B                0 B
├ ƒ /api/billing/[id]/documents               0 B                0 B
├ ƒ /api/billing/email-config                 0 B                0 B
├ ƒ /api/billing/send-test-email              0 B                0 B
├ ƒ /api/calendar                             0 B                0 B
├ ƒ /api/calendar/[id]                        0 B                0 B
├ ƒ /api/calendar/activity                    0 B                0 B
├ ƒ /api/calendar/notifications               0 B                0 B
├ ƒ /api/calendar/reminders                   0 B                0 B
├ ƒ /api/clients                              0 B                0 B
├ ƒ /api/company-info                         0 B                0 B
├ ƒ /api/configuration                        0 B                0 B
├ ƒ /api/contract-type                        0 B                0 B
├ ƒ /api/contract-type/[id]                   0 B                0 B
├ ƒ /api/deal                                 0 B                0 B
├ ƒ /api/deal/[id]                            0 B                0 B
├ ƒ /api/deal/[id]/clauses                    0 B                0 B
├ ƒ /api/deal/[id]/discounts                  0 B                0 B
├ ƒ /api/debug/strapi                         0 B                0 B
├ ƒ /api/driver-history                       0 B                0 B
├ ƒ /api/driver-history/[id]                  0 B                0 B
├ ƒ /api/financing                            0 B                0 B
├ ƒ /api/financing/[id]                       0 B                0 B
├ ƒ /api/financing/[id]/send-email            0 B                0 B
├ ƒ /api/fleet                                0 B                0 B
├ ƒ /api/fleet-document-types                 0 B                0 B
├ ƒ /api/fleet-document-types/[id]            0 B                0 B
├ ƒ /api/fleet-document/[documentId]          0 B                0 B
├ ƒ /api/fleet-documents/[documentId]         0 B                0 B
├ ƒ /api/fleet-notes/[noteId]                 0 B                0 B
├ ƒ /api/fleet-reminder/[reminderId]          0 B                0 B
├ ƒ /api/fleet-reminders/[reminderId]         0 B                0 B
├ ƒ /api/fleet/[id]                           0 B                0 B
├ ƒ /api/fleet/[id]/check-mileage-reminders   0 B                0 B
├ ƒ /api/fleet/[id]/document                  0 B                0 B
├ ƒ /api/fleet/[id]/documents                 0 B                0 B
├ ƒ /api/fleet/[id]/maintenance-order         0 B                0 B
├ ƒ /api/fleet/[id]/mileage                   0 B                0 B
├ ƒ /api/fleet/[id]/mileage-history           0 B                0 B
├ ƒ /api/fleet/[id]/notes                     0 B                0 B
├ ƒ /api/fleet/[id]/oil-change                0 B                0 B
├ ƒ /api/fleet/[id]/relations                 0 B                0 B
├ ƒ /api/fleet/[id]/reminder                  0 B                0 B
├ ƒ /api/fleet/[id]/reminders                 0 B                0 B
├ ƒ /api/fleet/[id]/vehicle-states            0 B                0 B
├ ƒ /api/fleet/check-initials                 0 B                0 B
├ ○ /api/health/strapi                        0 B                0 B
├ ƒ /api/inventory                            0 B                0 B
├ ƒ /api/inventory-items                      0 B                0 B
├ ƒ /api/inventory-items/[id]                 0 B                0 B
├ ƒ /api/inventory-items/[id]/history         0 B                0 B
├ ƒ /api/inventory-items/[id]/movements       0 B                0 B
├ ƒ /api/inventory-movements                  0 B                0 B
├ ƒ /api/inventory-requests                   0 B                0 B
├ ƒ /api/inventory-requests/[id]              0 B                0 B
├ ƒ /api/inventory-requests/[id]/approve      0 B                0 B
├ ƒ /api/inventory-requests/[id]/deliver      0 B                0 B
├ ƒ /api/inventory-requests/[id]/reject       0 B                0 B
├ ƒ /api/inventory/[id]                       0 B                0 B
├ ƒ /api/inventory/[id]/notes                 0 B                0 B
├ ƒ /api/inventory/notes/[noteId]             0 B                0 B
├ ƒ /api/invoices                             0 B                0 B
├ ƒ /api/invoices/[id]/pay                    0 B                0 B
├ ƒ /api/invoices/simulate-generation         0 B                0 B
├ ƒ /api/invoices/simulate-overdue            0 B                0 B
├ ƒ /api/maintenance-kits                     0 B                0 B
├ ƒ /api/me                                   0 B                0 B
├ ƒ /api/notifications                        0 B                0 B
├ ƒ /api/notifications/[notificationId]       0 B                0 B
├ ƒ /api/reminders                            0 B                0 B
├ ƒ /api/service-orders                       0 B                0 B
├ ƒ /api/service-orders-v2                    0 B                0 B
├ ƒ /api/service-orders-v2/[id]               0 B                0 B
├ ƒ /api/service-orders/[id]                  0 B                0 B
├ ƒ /api/services                             0 B                0 B
├ ƒ /api/services/[id]                        0 B                0 B
├ ƒ /api/stock/alerts                         0 B                0 B
├ ƒ /api/stock/dashboard                      0 B                0 B
├ ƒ /api/strapi/upload                        0 B                0 B
├ ƒ /api/supply-items                         0 B                0 B
├ ƒ /api/supply-requests                      0 B                0 B
├ ƒ /api/supply-requests/[id]/approve         0 B                0 B
├ ƒ /api/supply-requests/[id]/deliver         0 B                0 B
├ ƒ /api/supply-requests/[id]/reject          0 B                0 B
├ ƒ /api/user-profile/me                      0 B                0 B
├ ƒ /api/user-profiles                        0 B                0 B
├ ƒ /api/user-profiles/[id]                   0 B                0 B
├ ƒ /api/user-profiles/[id]/convert           0 B                0 B
├ ƒ /api/user-profiles/[id]/create-account    0 B                0 B
├ ƒ /api/user-profiles/[id]/reset-password    0 B                0 B
├ ƒ /api/user-profiles/batch-delete           0 B                0 B
├ ƒ /api/user-profiles/batch-import           0 B                0 B
├ ƒ /api/vehicle-document-categories          0 B                0 B
├ ƒ /api/vehicle-document-categories-v2       0 B                0 B
├ ƒ /api/vehicle-document-categories-v2/[id]  0 B                0 B
├ ƒ /api/vehicle-document-categories/[id]     0 B                0 B
├ ƒ /api/vehicle-documents                    0 B                0 B
├ ƒ /api/vehicle-documents-v2                 0 B                0 B
├ ƒ /api/vehicle-documents-v2/[id]            0 B                0 B
├ ƒ /api/vehicle-documents/[id]               0 B                0 B
├ ƒ /api/vehicle-selector                     0 B                0 B
├ ƒ /api/vehicle-state/[stateId]              0 B                0 B
├ ƒ /api/weekly-collections/batch-import      0 B                0 B
├ ƒ /api/weekly-collections/batch/[batchId]   0 B                0 B
├ ƒ /api/weekly-collections/batches           0 B                0 B
├ ○ /billing                                  15.8 kB         972 kB
├ ƒ /billing/details/[id]                     20.2 kB         713 kB
├ ƒ /billing/financing/[id]                   6.6 kB          962 kB
├ ○ /billing/import                           6.39 kB         317 kB
├ ○ /billing/imports                          2.86 kB         172 kB
├ ƒ /billing/imports/[batchId]                3.86 kB         173 kB
├ ƒ /calendar                                 12.2 kB         204 kB
├ ƒ /calendar/details/[id]                    7.45 kB         183 kB
├ ○ /dashboard                                99.8 kB         268 kB
├ ○ /dashboard-user                           6.33 kB         175 kB
├ ○ /deal                                     8.03 kB         184 kB
├ ƒ /deal/details/[id]                        5.77 kB         174 kB
├ ○ /fleet                                    14 kB           231 kB
├ ƒ /fleet/details/[id]                       64.4 kB         299 kB
├ ○ /notifications                            97.6 kB         273 kB
├ ○ /profile                                  13.1 kB         198 kB
├ ƒ /service-orders-v2/[id]                   11.6 kB         136 kB
├ ƒ /service-orders/[id]                      7.57 kB         183 kB
├ ○ /settings                                 5.58 kB         189 kB
├ ƒ /signin                                   20.6 kB         137 kB
├ ƒ /signup                                   3.68 kB         120 kB
├ ○ /stats                                    152 B          87.8 kB
├ ○ /stock                                    13.6 kB         189 kB
├ ○ /stock/dashboard                          3.25 kB         172 kB
├ ƒ /stock/details/[id]                       5.89 kB         175 kB
├ ○ /stock/supplies                           472 B          88.1 kB
├ ○ /users                                    13 kB           209 kB
├ ƒ /users/details/[id]                       18.8 kB         207 kB
└ ○ /users/import                             9.09 kB         326 kB
+ First Load JS shared by all                 87.7 kB
  ├ chunks/3493-2de39d0fa1fb466b.js           31.9 kB
  ├ chunks/95b29f1a-949bd2920acd760d.js       53.6 kB
  └ other shared chunks (total)               2.13 kB


ƒ Middleware                                  28 kB

○  (Static)   prerendered as static content
ƒ  (Dynamic)  server-rendered on demand

