
> frontend@0.1.0 start
> next start -H 0.0.0.0 -p 3000

  ▲ Next.js 14.2.35
  - Local:        http://localhost:3000
  - Network:      http://0.0.0.0:3000

 ✓ Starting...
 ✓ Ready in 371ms
[accruePenalties] Query URL: https://api.car4youpanama.com/api/billing-records?filters[financing][documentId][$eq]=qoye8jdqy5dqzek5lwc1lwv5&filters[status][$in][0]=pendiente&filters[status][$in][1]=retrasado&filters[status][$in][2]=abonado&filters[parentRecord][$null]=true&filters[$or][0][status][$in][0]=retrasado&filters[$or][0][status][$in][1]=abonado&filters[$or][1][dueDate][$lte]=2026-05-27&fields[0]=id&fields[1]=documentId&fields[2]=amount&fields[3]=dueDate&fields[4]=status&fields[5]=quotaNumber&fields[6]=daysLate&fields[7]=lateFeeAmount&populate[childRecords][fields][0]=id&populate[childRecords][fields][1]=documentId&populate[childRecords][fields][2]=amount&pagination[pageSize]=500
[accruePenalties] Found 1 overdue quota(s) with balance > 0 for financing qoye8jdqy5dqzek5lwc1lwv5
[accruePenalties] Quota #1 due=2026-05-29 pendingBalance=$225 daysLate=1 penaltyAmount=$22.5
[accruePenalties] ✓ Created penalty ddkky19ohfi4670d83w84kpa for quota #1: amount=22.5, days=1
[notifications] Usuario autenticado: { id: 30, documentId: 'uwhuprf218vdc1mup3esrvfz', role: 'admin' }
[API Billing] Fetching records for financing: qoye8jdqy5dqzek5lwc1lwv5
[Billing] Method 1: Fetching financing with records: qoye8jdqy5dqzek5lwc1lwv5
[Billing] Method 2 (Fallback): Fetching for financing qoye8jdqy5dqzek5lwc1lwv5
[Billing] Trying format 1 (documentId filter)
[Billing] Format 1 result: { count: 1 }
[API Billing] Found 1 records [
  {
    documentId: 'g2tm7jcujicdmc05gpsepayg',
    status: 'retrasado',
    parentRecordId: undefined,
    childCount: 0
  }
]
[notifications] Usuario autenticado: { id: 30, documentId: 'uwhuprf218vdc1mup3esrvfz', role: 'admin' }
[notifications] Usuario autenticado: { id: 30, documentId: 'uwhuprf218vdc1mup3esrvfz', role: 'admin' }
[notifications] Usuario autenticado: { id: 30, documentId: 'uwhuprf218vdc1mup3esrvfz', role: 'admin' }
[notifications] Usuario autenticado: { id: 30, documentId: 'uwhuprf218vdc1mup3esrvfz', role: 'admin' }
[notifications] Usuario autenticado: { id: 30, documentId: 'uwhuprf218vdc1mup3esrvfz', role: 'admin' }
[notifications] Usuario autenticado: { id: 30, documentId: 'uwhuprf218vdc1mup3esrvfz', role: 'admin' }
[notifications] Usuario autenticado: { id: 30, documentId: 'uwhuprf218vdc1mup3esrvfz', role: 'admin' }
[notifications] Usuario autenticado: { id: 30, documentId: 'uwhuprf218vdc1mup3esrvfz', role: 'admin' }
[notifications] Usuario autenticado: { id: 30, documentId: 'uwhuprf218vdc1mup3esrvfz', role: 'admin' }
[notifications] Usuario autenticado: { id: 30, documentId: 'uwhuprf218vdc1mup3esrvfz', role: 'admin' }
[notifications] Usuario autenticado: { id: 30, documentId: 'uwhuprf218vdc1mup3esrvfz', role: 'admin' }
[notifications] Usuario autenticado: { id: 30, documentId: 'uwhuprf218vdc1mup3esrvfz', role: 'admin' }
[notifications] Usuario autenticado: { id: 30, documentId: 'uwhuprf218vdc1mup3esrvfz', role: 'admin' }
[notifications] Usuario autenticado: { id: 30, documentId: 'uwhuprf218vdc1mup3esrvfz', role: 'admin' }
[notifications] Usuario autenticado: { id: 30, documentId: 'uwhuprf218vdc1mup3esrvfz', role: 'admin' }
[notifications] Usuario autenticado: { id: 30, documentId: 'uwhuprf218vdc1mup3esrvfz', role: 'admin' }
[notifications] Usuario autenticado: { id: 30, documentId: 'uwhuprf218vdc1mup3esrvfz', role: 'admin' }
[notifications] Usuario autenticado: { id: 30, documentId: 'uwhuprf218vdc1mup3esrvfz', role: 'admin' }
[notifications] Usuario autenticado: { id: 30, documentId: 'uwhuprf218vdc1mup3esrvfz', role: 'admin' }
[notifications] Usuario autenticado: { id: 30, documentId: 'uwhuprf218vdc1mup3esrvfz', role: 'admin' }
[notifications] Usuario autenticado: { id: 30, documentId: 'uwhuprf218vdc1mup3esrvfz', role: 'admin' }
[notifications] Usuario autenticado: { id: 30, documentId: 'uwhuprf218vdc1mup3esrvfz', role: 'admin' }
[notifications] Usuario autenticado: { id: 30, documentId: 'uwhuprf218vdc1mup3esrvfz', role: 'admin' }
[notifications] Usuario autenticado: { id: 30, documentId: 'uwhuprf218vdc1mup3esrvfz', role: 'admin' }
[notifications] Usuario autenticado: { id: 30, documentId: 'uwhuprf218vdc1mup3esrvfz', role: 'admin' }
[notifications] Usuario autenticado: { id: 30, documentId: 'uwhuprf218vdc1mup3esrvfz', role: 'admin' }
[notifications] Usuario autenticado: { id: 30, documentId: 'uwhuprf218vdc1mup3esrvfz', role: 'admin' }
[notifications] Usuario autenticado: { id: 30, documentId: 'uwhuprf218vdc1mup3esrvfz', role: 'admin' }
[notifications] Usuario autenticado: { id: 30, documentId: 'uwhuprf218vdc1mup3esrvfz', role: 'admin' }
[notifications] Usuario autenticado: { id: 30, documentId: 'uwhuprf218vdc1mup3esrvfz', role: 'admin' }
[notifications] Usuario autenticado: { id: 30, documentId: 'uwhuprf218vdc1mup3esrvfz', role: 'admin' }
[notifications] Usuario autenticado: { id: 30, documentId: 'uwhuprf218vdc1mup3esrvfz', role: 'admin' }
[notifications] Usuario autenticado: { id: 30, documentId: 'uwhuprf218vdc1mup3esrvfz', role: 'admin' }
[notifications] Usuario autenticado: { id: 30, documentId: 'uwhuprf218vdc1mup3esrvfz', role: 'admin' }
[notifications] Usuario autenticado: { id: 30, documentId: 'uwhuprf218vdc1mup3esrvfz', role: 'admin' }
[notifications] Usuario autenticado: { id: 30, documentId: 'uwhuprf218vdc1mup3esrvfz', role: 'admin' }
[notifications] Usuario autenticado: { id: 30, documentId: 'uwhuprf218vdc1mup3esrvfz', role: 'admin' }
[notifications] Usuario autenticado: { id: 30, documentId: 'uwhuprf218vdc1mup3esrvfz', role: 'admin' }
[notifications] Usuario autenticado: { id: 30, documentId: 'uwhuprf218vdc1mup3esrvfz', role: 'admin' }
[notifications] Usuario autenticado: { id: 30, documentId: 'uwhuprf218vdc1mup3esrvfz', role: 'admin' }
[notifications] Usuario autenticado: { id: 30, documentId: 'uwhuprf218vdc1mup3esrvfz', role: 'admin' }
[notifications] Usuario autenticado: { id: 30, documentId: 'uwhuprf218vdc1mup3esrvfz', role: 'admin' }
[notifications] Usuario autenticado: { id: 30, documentId: 'uwhuprf218vdc1mup3esrvfz', role: 'admin' }
[notifications] Usuario autenticado: { id: 30, documentId: 'uwhuprf218vdc1mup3esrvfz', role: 'admin' }
[notifications] Usuario autenticado: { id: 30, documentId: 'uwhuprf218vdc1mup3esrvfz', role: 'admin' }
[notifications] Usuario autenticado: { id: 30, documentId: 'uwhuprf218vdc1mup3esrvfz', role: 'admin' }
[notifications] Usuario autenticado: { id: 30, documentId: 'uwhuprf218vdc1mup3esrvfz', role: 'admin' }
[notifications] Usuario autenticado: { id: 30, documentId: 'uwhuprf218vdc1mup3esrvfz', role: 'admin' }
[notifications] Usuario autenticado: { id: 30, documentId: 'uwhuprf218vdc1mup3esrvfz', role: 'admin' }
[notifications] Usuario autenticado: { id: 30, documentId: 'uwhuprf218vdc1mup3esrvfz', role: 'admin' }
[notifications] Usuario autenticado: { id: 30, documentId: 'uwhuprf218vdc1mup3esrvfz', role: 'admin' }
[notifications] Usuario autenticado: { id: 30, documentId: 'uwhuprf218vdc1mup3esrvfz', role: 'admin' }
[notifications] Usuario autenticado: { id: 30, documentId: 'uwhuprf218vdc1mup3esrvfz', role: 'admin' }
[notifications] Usuario autenticado: { id: 30, documentId: 'uwhuprf218vdc1mup3esrvfz', role: 'admin' }
[notifications] Usuario autenticado: { id: 30, documentId: 'uwhuprf218vdc1mup3esrvfz', role: 'admin' }
[notifications] Usuario autenticado: { id: 30, documentId: 'uwhuprf218vdc1mup3esrvfz', role: 'admin' }
[notifications] Usuario autenticado: { id: 30, documentId: 'uwhuprf218vdc1mup3esrvfz', role: 'admin' }
[notifications] Usuario autenticado: { id: 30, documentId: 'uwhuprf218vdc1mup3esrvfz', role: 'admin' }
[notifications] Usuario autenticado: { id: 30, documentId: 'uwhuprf218vdc1mup3esrvfz', role: 'admin' }
[notifications] Usuario autenticado: { id: 30, documentId: 'uwhuprf218vdc1mup3esrvfz', role: 'admin' }
[notifications] Usuario autenticado: { id: 30, documentId: 'uwhuprf218vdc1mup3esrvfz', role: 'admin' }
[notifications] Usuario autenticado: { id: 30, documentId: 'uwhuprf218vdc1mup3esrvfz', role: 'admin' }
[notifications] Usuario autenticado: { id: 30, documentId: 'uwhuprf218vdc1mup3esrvfz', role: 'admin' }
[notifications] Usuario autenticado: { id: 30, documentId: 'uwhuprf218vdc1mup3esrvfz', role: 'admin' }
[notifications] Usuario autenticado: { id: 30, documentId: 'uwhuprf218vdc1mup3esrvfz', role: 'admin' }
[notifications] Usuario autenticado: { id: 30, documentId: 'uwhuprf218vdc1mup3esrvfz', role: 'admin' }
[notifications] Usuario autenticado: { id: 30, documentId: 'uwhuprf218vdc1mup3esrvfz', role: 'admin' }
[notifications] Usuario autenticado: { id: 30, documentId: 'uwhuprf218vdc1mup3esrvfz', role: 'admin' }
[notifications] Usuario autenticado: { id: 30, documentId: 'uwhuprf218vdc1mup3esrvfz', role: 'admin' }
[notifications] Usuario autenticado: { id: 30, documentId: 'uwhuprf218vdc1mup3esrvfz', role: 'admin' }
[notifications] Usuario autenticado: { id: 30, documentId: 'uwhuprf218vdc1mup3esrvfz', role: 'admin' }
[notifications] Usuario autenticado: { id: 30, documentId: 'uwhuprf218vdc1mup3esrvfz', role: 'admin' }
[notifications] Usuario autenticado: { id: 30, documentId: 'uwhuprf218vdc1mup3esrvfz', role: 'admin' }
[notifications] Usuario autenticado: { id: 30, documentId: 'uwhuprf218vdc1mup3esrvfz', role: 'admin' }
[notifications] Usuario autenticado: { id: 30, documentId: 'uwhuprf218vdc1mup3esrvfz', role: 'admin' }
[notifications] Usuario autenticado: { id: 30, documentId: 'uwhuprf218vdc1mup3esrvfz', role: 'admin' }
[notifications] Usuario autenticado: { id: 30, documentId: 'uwhuprf218vdc1mup3esrvfz', role: 'admin' }
[notifications] Usuario autenticado: { id: 30, documentId: 'uwhuprf218vdc1mup3esrvfz', role: 'admin' }
[notifications] Usuario autenticado: { id: 30, documentId: 'uwhuprf218vdc1mup3esrvfz', role: 'admin' }
[notifications] Usuario autenticado: { id: 30, documentId: 'uwhuprf218vdc1mup3esrvfz', role: 'admin' }
[notifications] Usuario autenticado: { id: 30, documentId: 'uwhuprf218vdc1mup3esrvfz', role: 'admin' }
[notifications] Usuario autenticado: { id: 30, documentId: 'uwhuprf218vdc1mup3esrvfz', role: 'admin' }
[notifications] Usuario autenticado: { id: 30, documentId: 'uwhuprf218vdc1mup3esrvfz', role: 'admin' }
[notifications] Usuario autenticado: { id: 30, documentId: 'uwhuprf218vdc1mup3esrvfz', role: 'admin' }
[notifications] Usuario autenticado: { id: 30, documentId: 'uwhuprf218vdc1mup3esrvfz', role: 'admin' }
[notifications] Usuario autenticado: { id: 30, documentId: 'uwhuprf218vdc1mup3esrvfz', role: 'admin' }
[notifications] Usuario autenticado: { id: 30, documentId: 'uwhuprf218vdc1mup3esrvfz', role: 'admin' }
[API Billing] Fetching records for financing: qoye8jdqy5dqzek5lwc1lwv5
[Billing] Method 1: Fetching financing with records: qoye8jdqy5dqzek5lwc1lwv5
[Billing] Method 2 (Fallback): Fetching for financing qoye8jdqy5dqzek5lwc1lwv5
[Billing] Trying format 1 (documentId filter)
[Billing] Format 1 result: { count: 1 }
[API Billing] Found 1 records [
  {
    documentId: 'g2tm7jcujicdmc05gpsepayg',
    status: 'retrasado',
    parentRecordId: undefined,
    childCount: 0
  }
]
[API AutoCover] Ejecutando auto-cover para financing qoye8jdqy5dqzek5lwc1lwv5
[autoCoverPendingQuotas] Iniciando auto-cover para financing qoye8jdqy5dqzek5lwc1lwv5
[notifications] Usuario autenticado: { id: 30, documentId: 'uwhuprf218vdc1mup3esrvfz', role: 'admin' }
[autoCoverPendingQuotas] Adelantos con saldo: 0 []
[autoCoverPendingQuotas] No hay adelantos con saldo disponible
[notifications] Usuario autenticado: { id: 30, documentId: 'uwhuprf218vdc1mup3esrvfz', role: 'admin' }
[notifications] Usuario autenticado: { id: 30, documentId: 'uwhuprf218vdc1mup3esrvfz', role: 'admin' }
[notifications] Usuario autenticado: { id: 30, documentId: 'uwhuprf218vdc1mup3esrvfz', role: 'admin' }
[notifications] Usuario autenticado: { id: 30, documentId: 'uwhuprf218vdc1mup3esrvfz', role: 'admin' }
[notifications] Usuario autenticado: { id: 30, documentId: 'uwhuprf218vdc1mup3esrvfz', role: 'admin' }
[API Billing Unified] Creando pago raíz de $200 para financing qoye8jdqy5dqzek5lwc1lwv5
[API Billing Unified] Pago raíz creado: ehsmnlm4mqe2wj07q98m2wcb
[unifiedAllocatePayment] Starting allocation for payment ehsmnlm4mqe2wj07q98m2wcb ($200)
[unifiedAllocatePayment] Step 0: Accruing penalties for financing qoye8jdqy5dqzek5lwc1lwv5...
[accruePenalties] Query URL: https://api.car4youpanama.com/api/billing-records?filters[financing][documentId][$eq]=qoye8jdqy5dqzek5lwc1lwv5&filters[status][$in][0]=pendiente&filters[status][$in][1]=retrasado&filters[status][$in][2]=abonado&filters[parentRecord][$null]=true&filters[$or][0][status][$in][0]=retrasado&filters[$or][0][status][$in][1]=abonado&filters[$or][1][dueDate][$lte]=2026-05-27&fields[0]=id&fields[1]=documentId&fields[2]=amount&fields[3]=dueDate&fields[4]=status&fields[5]=quotaNumber&fields[6]=daysLate&fields[7]=lateFeeAmount&populate[childRecords][fields][0]=id&populate[childRecords][fields][1]=documentId&populate[childRecords][fields][2]=amount&pagination[pageSize]=500
[accruePenalties] Found 1 overdue quota(s) with balance > 0 for financing qoye8jdqy5dqzek5lwc1lwv5
[accruePenalties] Quota #1 due=2026-05-29 pendingBalance=$225 daysLate=1 penaltyAmount=$22.5
[accruePenalties] ✓ Updated penalty ddkky19ohfi4670d83w84kpa for quota #1: amount=22.5, days=1
[unifiedAllocatePayment] Step 0 complete: 1 penalty debt(s) accrued/updated
[unifiedAllocatePayment] Open debts: 2 (penalties=1, quotas=1)
[
  '  [penalty] ddkky19ohfi4670d83w84kpa # due=2026-05-29 pending=$22.5',
  '  [quota] g2tm7jcujicdmc05gpsepayg #1 due=2026-05-29 pending=$225'
]
[unifiedAllocatePayment] Plan: 2 steps, applied=$200, leftover=$0
[applyAllocationToPenalty] ✓ Penalty ddkky19ohfi4670d83w84kpa updated: pending=$0, status=paid
[createPaymentApplication] ✓ Ledger record: y4rjdc5tbiwnu7e6h0w0u06s
[applyAdvanceAmountToQuota] Adelanto ehsmnlm4mqe2wj07q98m2wcb → Cuota #1: aplicando $177.5
[applyAdvanceAmountToQuota] ✓ Abono creado: myefzf3brnayuxm2t0rqxy8l por $177.5
[applyAdvanceAmountToQuota] ✓ Adelanto ehsmnlm4mqe2wj07q98m2wcb reducido a $0
[createPaymentApplication] ✓ Ledger record: gzdj1pyuc5ijnkabjqlves4n
[checkAndUpdateParentIfPaid] Parent g2tm7jcujicdmc05gpsepayg: {
  parentAmount: 225,
  positiveChildrenTotal: 177.5,
  balanceDueParent: 47.5,
  excess: -47.5,
  childrenCount: 1
}
[checkAndUpdateParentIfPaid] Parent g2tm7jcujicdmc05gpsepayg is not fully paid yet (balance: 47.5)
[finalizePaymentRecord] ✓ Payment ehsmnlm4mqe2wj07q98m2wcb finalized: amount=$0, status=pagado
[API Billing] Fetching records for financing: qoye8jdqy5dqzek5lwc1lwv5
[Billing] Method 1: Fetching financing with records: qoye8jdqy5dqzek5lwc1lwv5
[Billing] Method 2 (Fallback): Fetching for financing qoye8jdqy5dqzek5lwc1lwv5
[Billing] Trying format 1 (documentId filter)
[Billing] Format 1 result: { count: 3 }
[API Billing] Found 3 records [
  {
    documentId: 'g2tm7jcujicdmc05gpsepayg',
    status: 'retrasado',
    parentRecordId: undefined,
    childCount: 1
  },
  {
    documentId: 'myefzf3brnayuxm2t0rqxy8l',
    status: 'abonado',
    parentRecordId: 'g2tm7jcujicdmc05gpsepayg',
    childCount: 0
  },
  {
    documentId: 'ehsmnlm4mqe2wj07q98m2wcb',
    status: 'pagado',
    parentRecordId: undefined,
    childCount: 0
  }
]
[notifications] Usuario autenticado: { id: 30, documentId: 'uwhuprf218vdc1mup3esrvfz', role: 'admin' }
[notifications] Usuario autenticado: { id: 30, documentId: 'uwhuprf218vdc1mup3esrvfz', role: 'admin' }
[notifications] Usuario autenticado: { id: 30, documentId: 'uwhuprf218vdc1mup3esrvfz', role: 'admin' }
[notifications] Usuario autenticado: { id: 30, documentId: 'uwhuprf218vdc1mup3esrvfz', role: 'admin' }
[API Billing Unified] Creando pago raíz de $47 para financing qoye8jdqy5dqzek5lwc1lwv5
[API Billing Unified] Pago raíz creado: temtr29h8akwvd8sq6llu9pb
[unifiedAllocatePayment] Starting allocation for payment temtr29h8akwvd8sq6llu9pb ($47)
[unifiedAllocatePayment] Step 0: Accruing penalties for financing qoye8jdqy5dqzek5lwc1lwv5...
[accruePenalties] Query URL: https://api.car4youpanama.com/api/billing-records?filters[financing][documentId][$eq]=qoye8jdqy5dqzek5lwc1lwv5&filters[status][$in][0]=pendiente&filters[status][$in][1]=retrasado&filters[status][$in][2]=abonado&filters[parentRecord][$null]=true&filters[$or][0][status][$in][0]=retrasado&filters[$or][0][status][$in][1]=abonado&filters[$or][1][dueDate][$lte]=2026-05-27&fields[0]=id&fields[1]=documentId&fields[2]=amount&fields[3]=dueDate&fields[4]=status&fields[5]=quotaNumber&fields[6]=daysLate&fields[7]=lateFeeAmount&populate[childRecords][fields][0]=id&populate[childRecords][fields][1]=documentId&populate[childRecords][fields][2]=amount&pagination[pageSize]=500
[accruePenalties] Found 1 overdue quota(s) with balance > 0 for financing qoye8jdqy5dqzek5lwc1lwv5
[accruePenalties] Quota #1 due=2026-05-29 pendingBalance=$47.5 daysLate=1 penaltyAmount=$22.5
[accruePenalties] ✓ Created penalty wroh5ht968y58pro1eri12gq for quota #1: amount=22.5, days=1
[unifiedAllocatePayment] Step 0 complete: 1 penalty debt(s) accrued/updated
[unifiedAllocatePayment] Open debts: 2 (penalties=1, quotas=1)
[
  '  [penalty] wroh5ht968y58pro1eri12gq # due=2026-05-29 pending=$22.5',
  '  [quota] g2tm7jcujicdmc05gpsepayg #1 due=2026-05-29 pending=$47.5'
]
[unifiedAllocatePayment] Plan: 2 steps, applied=$47, leftover=$0
[applyAllocationToPenalty] ✓ Penalty wroh5ht968y58pro1eri12gq updated: pending=$0, status=paid
[createPaymentApplication] ✓ Ledger record: a81dtyuw3yl6tf2yd6t0iqur
[applyAdvanceAmountToQuota] Adelanto temtr29h8akwvd8sq6llu9pb → Cuota #1: aplicando $24.5
[applyAdvanceAmountToQuota] ✓ Abono creado: r3y9tbt513nxisejovuhb04f por $24.5
[applyAdvanceAmountToQuota] ✓ Adelanto temtr29h8akwvd8sq6llu9pb reducido a $0
[createPaymentApplication] ✓ Ledger record: ezbclmsmfglo9f83x2tuzwu9
[checkAndUpdateParentIfPaid] Parent g2tm7jcujicdmc05gpsepayg: {
  parentAmount: 225,
  positiveChildrenTotal: 202,
  balanceDueParent: 23,
  excess: -23,
  childrenCount: 2
}
[checkAndUpdateParentIfPaid] Parent g2tm7jcujicdmc05gpsepayg is not fully paid yet (balance: 23)
[finalizePaymentRecord] ✓ Payment temtr29h8akwvd8sq6llu9pb finalized: amount=$0, status=pagado
[API Billing] Fetching records for financing: qoye8jdqy5dqzek5lwc1lwv5
[Billing] Method 1: Fetching financing with records: qoye8jdqy5dqzek5lwc1lwv5
[Billing] Method 2 (Fallback): Fetching for financing qoye8jdqy5dqzek5lwc1lwv5
[Billing] Trying format 1 (documentId filter)
[Billing] Format 1 result: { count: 5 }
[API Billing] Found 5 records [
  {
    documentId: 'g2tm7jcujicdmc05gpsepayg',
    status: 'retrasado',
    parentRecordId: undefined,
    childCount: 2
  },
  {
    documentId: 'myefzf3brnayuxm2t0rqxy8l',
    status: 'abonado',
    parentRecordId: 'g2tm7jcujicdmc05gpsepayg',
    childCount: 0
  },
  {
    documentId: 'r3y9tbt513nxisejovuhb04f',
    status: 'abonado',
    parentRecordId: 'g2tm7jcujicdmc05gpsepayg',
    childCount: 0
  },
  {
    documentId: 'ehsmnlm4mqe2wj07q98m2wcb',
    status: 'pagado',
    parentRecordId: undefined,
    childCount: 0
  },
  {
    documentId: 'temtr29h8akwvd8sq6llu9pb',
    status: 'pagado',
    parentRecordId: undefined,
    childCount: 0
  }
]
[notifications] Usuario autenticado: { id: 30, documentId: 'uwhuprf218vdc1mup3esrvfz', role: 'admin' }
[API Billing Unified] Creando pago raíz de $20 para financing qoye8jdqy5dqzek5lwc1lwv5
[API Billing Unified] Pago raíz creado: etti475fwehmju6d8i545cii
[unifiedAllocatePayment] Starting allocation for payment etti475fwehmju6d8i545cii ($20)
[unifiedAllocatePayment] Step 0: Accruing penalties for financing qoye8jdqy5dqzek5lwc1lwv5...
[accruePenalties] Query URL: https://api.car4youpanama.com/api/billing-records?filters[financing][documentId][$eq]=qoye8jdqy5dqzek5lwc1lwv5&filters[status][$in][0]=pendiente&filters[status][$in][1]=retrasado&filters[status][$in][2]=abonado&filters[parentRecord][$null]=true&filters[$or][0][status][$in][0]=retrasado&filters[$or][0][status][$in][1]=abonado&filters[$or][1][dueDate][$lte]=2026-05-27&fields[0]=id&fields[1]=documentId&fields[2]=amount&fields[3]=dueDate&fields[4]=status&fields[5]=quotaNumber&fields[6]=daysLate&fields[7]=lateFeeAmount&populate[childRecords][fields][0]=id&populate[childRecords][fields][1]=documentId&populate[childRecords][fields][2]=amount&pagination[pageSize]=500
[accruePenalties] Found 1 overdue quota(s) with balance > 0 for financing qoye8jdqy5dqzek5lwc1lwv5
[accruePenalties] Quota #1 due=2026-05-29 pendingBalance=$23 daysLate=1 penaltyAmount=$22.5
[accruePenalties] ✓ Created penalty kfcpfbcju9ab3wzjsifeu5jl for quota #1: amount=22.5, days=1
[unifiedAllocatePayment] Step 0 complete: 1 penalty debt(s) accrued/updated
[unifiedAllocatePayment] Open debts: 2 (penalties=1, quotas=1)
[
  '  [penalty] kfcpfbcju9ab3wzjsifeu5jl # due=2026-05-29 pending=$22.5',
  '  [quota] g2tm7jcujicdmc05gpsepayg #1 due=2026-05-29 pending=$23'
]
[unifiedAllocatePayment] Plan: 1 steps, applied=$20, leftover=$0
[applyAllocationToPenalty] ✓ Penalty kfcpfbcju9ab3wzjsifeu5jl updated: pending=$2.5, status=partially_paid
[createPaymentApplication] ✓ Ledger record: carsw3o89lsy3e7uaeyck45j
[finalizePaymentRecord] ✓ Payment etti475fwehmju6d8i545cii finalized: amount=$0, status=pagado
[API Billing] Fetching records for financing: qoye8jdqy5dqzek5lwc1lwv5
[Billing] Method 1: Fetching financing with records: qoye8jdqy5dqzek5lwc1lwv5
[Billing] Method 2 (Fallback): Fetching for financing qoye8jdqy5dqzek5lwc1lwv5
[Billing] Trying format 1 (documentId filter)
[Billing] Format 1 result: { count: 6 }
[API Billing] Found 6 records [
  {
    documentId: 'g2tm7jcujicdmc05gpsepayg',
    status: 'retrasado',
    parentRecordId: undefined,
    childCount: 2
  },
  {
    documentId: 'myefzf3brnayuxm2t0rqxy8l',
    status: 'abonado',
    parentRecordId: 'g2tm7jcujicdmc05gpsepayg',
    childCount: 0
  },
  {
    documentId: 'r3y9tbt513nxisejovuhb04f',
    status: 'abonado',
    parentRecordId: 'g2tm7jcujicdmc05gpsepayg',
    childCount: 0
  },
  {
    documentId: 'ehsmnlm4mqe2wj07q98m2wcb',
    status: 'pagado',
    parentRecordId: undefined,
    childCount: 0
  },
  {
    documentId: 'temtr29h8akwvd8sq6llu9pb',
    status: 'pagado',
    parentRecordId: undefined,
    childCount: 0
  },
  {
    documentId: 'etti475fwehmju6d8i545cii',
    status: 'pagado',
    parentRecordId: undefined,
    childCount: 0
  }
]
[notifications] Usuario autenticado: { id: 30, documentId: 'uwhuprf218vdc1mup3esrvfz', role: 'admin' }
[notifications] Usuario autenticado: { id: 30, documentId: 'uwhuprf218vdc1mup3esrvfz', role: 'admin' }
[notifications] Usuario autenticado: { id: 30, documentId: 'uwhuprf218vdc1mup3esrvfz', role: 'admin' }
[API Billing Unified] Creando pago raíz de $40 para financing qoye8jdqy5dqzek5lwc1lwv5
[API Billing Unified] Pago raíz creado: emhr6lup7bmpdyyi0wo6a2b0
[unifiedAllocatePayment] Starting allocation for payment emhr6lup7bmpdyyi0wo6a2b0 ($40)
[unifiedAllocatePayment] Step 0: Accruing penalties for financing qoye8jdqy5dqzek5lwc1lwv5...
[accruePenalties] Query URL: https://api.car4youpanama.com/api/billing-records?filters[financing][documentId][$eq]=qoye8jdqy5dqzek5lwc1lwv5&filters[status][$in][0]=pendiente&filters[status][$in][1]=retrasado&filters[status][$in][2]=abonado&filters[parentRecord][$null]=true&filters[$or][0][status][$in][0]=retrasado&filters[$or][0][status][$in][1]=abonado&filters[$or][1][dueDate][$lte]=2026-05-27&fields[0]=id&fields[1]=documentId&fields[2]=amount&fields[3]=dueDate&fields[4]=status&fields[5]=quotaNumber&fields[6]=daysLate&fields[7]=lateFeeAmount&populate[childRecords][fields][0]=id&populate[childRecords][fields][1]=documentId&populate[childRecords][fields][2]=amount&pagination[pageSize]=500
[accruePenalties] Found 1 overdue quota(s) with balance > 0 for financing qoye8jdqy5dqzek5lwc1lwv5
[accruePenalties] Quota #1 due=2026-05-29 pendingBalance=$23 daysLate=1 penaltyAmount=$22.5
[accruePenalties] ✓ Updated penalty kfcpfbcju9ab3wzjsifeu5jl for quota #1: amount=22.5, days=1
[unifiedAllocatePayment] Step 0 complete: 1 penalty debt(s) accrued/updated
[unifiedAllocatePayment] Open debts: 2 (penalties=1, quotas=1)
[
  '  [penalty] kfcpfbcju9ab3wzjsifeu5jl # due=2026-05-29 pending=$22.5',
  '  [quota] g2tm7jcujicdmc05gpsepayg #1 due=2026-05-29 pending=$23'
]
[unifiedAllocatePayment] Plan: 2 steps, applied=$40, leftover=$0
[applyAllocationToPenalty] ✓ Penalty kfcpfbcju9ab3wzjsifeu5jl updated: pending=$0, status=paid
[createPaymentApplication] ✓ Ledger record: f9gg1338rf1h7evnvj0sdeiz
[applyAdvanceAmountToQuota] Adelanto emhr6lup7bmpdyyi0wo6a2b0 → Cuota #1: aplicando $17.5
[applyAdvanceAmountToQuota] ✓ Abono creado: ugpw4al168xsmiie1tzxu7cv por $17.5
[applyAdvanceAmountToQuota] ✓ Adelanto emhr6lup7bmpdyyi0wo6a2b0 reducido a $0
[createPaymentApplication] ✓ Ledger record: ywh67cv38rq3b0ao8zsnnjpt
[checkAndUpdateParentIfPaid] Parent g2tm7jcujicdmc05gpsepayg: {
  parentAmount: 225,
  positiveChildrenTotal: 219.5,
  balanceDueParent: 5.5,
  excess: -5.5,
  childrenCount: 3
}
[checkAndUpdateParentIfPaid] Parent g2tm7jcujicdmc05gpsepayg is not fully paid yet (balance: 5.5)
[finalizePaymentRecord] ✓ Payment emhr6lup7bmpdyyi0wo6a2b0 finalized: amount=$0, status=pagado
[API Billing] Fetching records for financing: qoye8jdqy5dqzek5lwc1lwv5
[Billing] Method 1: Fetching financing with records: qoye8jdqy5dqzek5lwc1lwv5
[Billing] Method 2 (Fallback): Fetching for financing qoye8jdqy5dqzek5lwc1lwv5
[Billing] Trying format 1 (documentId filter)
[Billing] Format 1 result: { count: 8 }
[API Billing] Found 8 records [
  {
    documentId: 'g2tm7jcujicdmc05gpsepayg',
    status: 'retrasado',
    parentRecordId: undefined,
    childCount: 3
  },
  {
    documentId: 'myefzf3brnayuxm2t0rqxy8l',
    status: 'abonado',
    parentRecordId: 'g2tm7jcujicdmc05gpsepayg',
    childCount: 0
  },
  {
    documentId: 'r3y9tbt513nxisejovuhb04f',
    status: 'abonado',
    parentRecordId: 'g2tm7jcujicdmc05gpsepayg',
    childCount: 0
  },
  {
    documentId: 'ugpw4al168xsmiie1tzxu7cv',
    status: 'abonado',
    parentRecordId: 'g2tm7jcujicdmc05gpsepayg',
    childCount: 0
  },
  {
    documentId: 'ehsmnlm4mqe2wj07q98m2wcb',
    status: 'pagado',
    parentRecordId: undefined,
    childCount: 0
  },
  {
    documentId: 'temtr29h8akwvd8sq6llu9pb',
    status: 'pagado',
    parentRecordId: undefined,
    childCount: 0
  },
  {
    documentId: 'etti475fwehmju6d8i545cii',
    status: 'pagado',
    parentRecordId: undefined,
    childCount: 0
  },
  {
    documentId: 'emhr6lup7bmpdyyi0wo6a2b0',
    status: 'pagado',
    parentRecordId: undefined,
    childCount: 0
  }
]
[notifications] Usuario autenticado: { id: 30, documentId: 'uwhuprf218vdc1mup3esrvfz', role: 'admin' }
[notifications] Usuario autenticado: { id: 30, documentId: 'uwhuprf218vdc1mup3esrvfz', role: 'admin' }
[notifications] Usuario autenticado: { id: 30, documentId: 'uwhuprf218vdc1mup3esrvfz', role: 'admin' }
[notifications] Usuario autenticado: { id: 30, documentId: 'uwhuprf218vdc1mup3esrvfz', role: 'admin' }
[notifications] Usuario autenticado: { id: 30, documentId: 'uwhuprf218vdc1mup3esrvfz', role: 'admin' }
[notifications] Usuario autenticado: { id: 30, documentId: 'uwhuprf218vdc1mup3esrvfz', role: 'admin' }
[notifications] Usuario autenticado: { id: 30, documentId: 'uwhuprf218vdc1mup3esrvfz', role: 'admin' }
[notifications] Usuario autenticado: { id: 30, documentId: 'uwhuprf218vdc1mup3esrvfz', role: 'admin' }
[notifications] Usuario autenticado: { id: 30, documentId: 'uwhuprf218vdc1mup3esrvfz', role: 'admin' }
[notifications] Usuario autenticado: { id: 30, documentId: 'uwhuprf218vdc1mup3esrvfz', role: 'admin' }
[notifications] Usuario autenticado: { id: 30, documentId: 'uwhuprf218vdc1mup3esrvfz', role: 'admin' }
[notifications] Usuario autenticado: { id: 30, documentId: 'uwhuprf218vdc1mup3esrvfz', role: 'admin' }
[notifications] Usuario autenticado: { id: 30, documentId: 'uwhuprf218vdc1mup3esrvfz', role: 'admin' }
[notifications] Usuario autenticado: { id: 30, documentId: 'uwhuprf218vdc1mup3esrvfz', role: 'admin' }
[notifications] Usuario autenticado: { id: 30, documentId: 'uwhuprf218vdc1mup3esrvfz', role: 'admin' }
[notifications] Usuario autenticado: { id: 30, documentId: 'uwhuprf218vdc1mup3esrvfz', role: 'admin' }
[notifications] Usuario autenticado: { id: 30, documentId: 'uwhuprf218vdc1mup3esrvfz', role: 'admin' }
[notifications] Usuario autenticado: { id: 30, documentId: 'uwhuprf218vdc1mup3esrvfz', role: 'admin' }
[API Billing Unified] Creando pago raíz de $5 para financing qoye8jdqy5dqzek5lwc1lwv5
[API Billing Unified] Pago raíz creado: rvzsk5ev2szdwj4i79nsa09l
[unifiedAllocatePayment] Starting allocation for payment rvzsk5ev2szdwj4i79nsa09l ($5)
[unifiedAllocatePayment] Step 0: Accruing penalties for financing qoye8jdqy5dqzek5lwc1lwv5...
[accruePenalties] Query URL: https://api.car4youpanama.com/api/billing-records?filters[financing][documentId][$eq]=qoye8jdqy5dqzek5lwc1lwv5&filters[status][$in][0]=pendiente&filters[status][$in][1]=retrasado&filters[status][$in][2]=abonado&filters[parentRecord][$null]=true&filters[$or][0][status][$in][0]=retrasado&filters[$or][0][status][$in][1]=abonado&filters[$or][1][dueDate][$lte]=2026-05-27&fields[0]=id&fields[1]=documentId&fields[2]=amount&fields[3]=dueDate&fields[4]=status&fields[5]=quotaNumber&fields[6]=daysLate&fields[7]=lateFeeAmount&populate[childRecords][fields][0]=id&populate[childRecords][fields][1]=documentId&populate[childRecords][fields][2]=amount&pagination[pageSize]=500
[accruePenalties] Found 1 overdue quota(s) with balance > 0 for financing qoye8jdqy5dqzek5lwc1lwv5
[accruePenalties] Quota #1 due=2026-05-29 pendingBalance=$5.5 daysLate=1 penaltyAmount=$22.5
[accruePenalties] ✓ Created penalty gnoeuuy9sxp0qd42rsbcu4as for quota #1: amount=22.5, days=1
[unifiedAllocatePayment] Step 0 complete: 1 penalty debt(s) accrued/updated
[unifiedAllocatePayment] Open debts: 2 (penalties=1, quotas=1)
[
  '  [penalty] gnoeuuy9sxp0qd42rsbcu4as # due=2026-05-29 pending=$22.5',
  '  [quota] g2tm7jcujicdmc05gpsepayg #1 due=2026-05-29 pending=$5.5'
]
[unifiedAllocatePayment] Plan: 1 steps, applied=$5, leftover=$0
[applyAllocationToPenalty] ✓ Penalty gnoeuuy9sxp0qd42rsbcu4as updated: pending=$17.5, status=partially_paid
[createPaymentApplication] ✓ Ledger record: srf3nfe5ypbe53f0rvghqakm
[finalizePaymentRecord] ✓ Payment rvzsk5ev2szdwj4i79nsa09l finalized: amount=$0, status=pagado
[API Billing] Fetching records for financing: qoye8jdqy5dqzek5lwc1lwv5
[Billing] Method 1: Fetching financing with records: qoye8jdqy5dqzek5lwc1lwv5
[Billing] Method 2 (Fallback): Fetching for financing qoye8jdqy5dqzek5lwc1lwv5
[Billing] Trying format 1 (documentId filter)
[Billing] Format 1 result: { count: 9 }
[API Billing] Found 9 records [
  {
    documentId: 'g2tm7jcujicdmc05gpsepayg',
    status: 'retrasado',
    parentRecordId: undefined,
    childCount: 3
  },
  {
    documentId: 'myefzf3brnayuxm2t0rqxy8l',
    status: 'abonado',
    parentRecordId: 'g2tm7jcujicdmc05gpsepayg',
    childCount: 0
  },
  {
    documentId: 'r3y9tbt513nxisejovuhb04f',
    status: 'abonado',
    parentRecordId: 'g2tm7jcujicdmc05gpsepayg',
    childCount: 0
  },
  {
    documentId: 'ugpw4al168xsmiie1tzxu7cv',
    status: 'abonado',
    parentRecordId: 'g2tm7jcujicdmc05gpsepayg',
    childCount: 0
  },
  {
    documentId: 'ehsmnlm4mqe2wj07q98m2wcb',
    status: 'pagado',
    parentRecordId: undefined,
    childCount: 0
  },
  {
    documentId: 'temtr29h8akwvd8sq6llu9pb',
    status: 'pagado',
    parentRecordId: undefined,
    childCount: 0
  },
  {
    documentId: 'etti475fwehmju6d8i545cii',
    status: 'pagado',
    parentRecordId: undefined,
    childCount: 0
  },
  {
    documentId: 'emhr6lup7bmpdyyi0wo6a2b0',
    status: 'pagado',
    parentRecordId: undefined,
    childCount: 0
  },
  {
    documentId: 'rvzsk5ev2szdwj4i79nsa09l',
    status: 'pagado',
    parentRecordId: undefined,
    childCount: 0
  }
]
[notifications] Usuario autenticado: { id: 30, documentId: 'uwhuprf218vdc1mup3esrvfz', role: 'admin' }
[API Billing Unified] Creando pago raíz de $5 para financing qoye8jdqy5dqzek5lwc1lwv5
[API Billing Unified] Pago raíz creado: jd4l8sl2wtj6kwzk22ev5zc9
[unifiedAllocatePayment] Starting allocation for payment jd4l8sl2wtj6kwzk22ev5zc9 ($5)
[unifiedAllocatePayment] Step 0: Accruing penalties for financing qoye8jdqy5dqzek5lwc1lwv5...
[accruePenalties] Query URL: https://api.car4youpanama.com/api/billing-records?filters[financing][documentId][$eq]=qoye8jdqy5dqzek5lwc1lwv5&filters[status][$in][0]=pendiente&filters[status][$in][1]=retrasado&filters[status][$in][2]=abonado&filters[parentRecord][$null]=true&filters[$or][0][status][$in][0]=retrasado&filters[$or][0][status][$in][1]=abonado&filters[$or][1][dueDate][$lte]=2026-05-27&fields[0]=id&fields[1]=documentId&fields[2]=amount&fields[3]=dueDate&fields[4]=status&fields[5]=quotaNumber&fields[6]=daysLate&fields[7]=lateFeeAmount&populate[childRecords][fields][0]=id&populate[childRecords][fields][1]=documentId&populate[childRecords][fields][2]=amount&pagination[pageSize]=500
[accruePenalties] Found 1 overdue quota(s) with balance > 0 for financing qoye8jdqy5dqzek5lwc1lwv5
[accruePenalties] Quota #1 due=2026-05-29 pendingBalance=$5.5 daysLate=1 penaltyAmount=$22.5
[accruePenalties] ✓ Updated penalty gnoeuuy9sxp0qd42rsbcu4as for quota #1: amount=22.5, days=1
[unifiedAllocatePayment] Step 0 complete: 1 penalty debt(s) accrued/updated
[unifiedAllocatePayment] Open debts: 2 (penalties=1, quotas=1)
[
  '  [penalty] gnoeuuy9sxp0qd42rsbcu4as # due=2026-05-29 pending=$22.5',
  '  [quota] g2tm7jcujicdmc05gpsepayg #1 due=2026-05-29 pending=$5.5'
]
[unifiedAllocatePayment] Plan: 1 steps, applied=$5, leftover=$0
[applyAllocationToPenalty] ✓ Penalty gnoeuuy9sxp0qd42rsbcu4as updated: pending=$17.5, status=partially_paid
[createPaymentApplication] ✓ Ledger record: b6pc314aylila8b6ylmtdcwv
[finalizePaymentRecord] ✓ Payment jd4l8sl2wtj6kwzk22ev5zc9 finalized: amount=$0, status=pagado
[API Billing] Fetching records for financing: qoye8jdqy5dqzek5lwc1lwv5
[Billing] Method 1: Fetching financing with records: qoye8jdqy5dqzek5lwc1lwv5
[Billing] Method 2 (Fallback): Fetching for financing qoye8jdqy5dqzek5lwc1lwv5
[Billing] Trying format 1 (documentId filter)
[Billing] Format 1 result: { count: 10 }
[API Billing] Found 10 records [
  {
    documentId: 'g2tm7jcujicdmc05gpsepayg',
    status: 'retrasado',
    parentRecordId: undefined,
    childCount: 3
  },
  {
    documentId: 'myefzf3brnayuxm2t0rqxy8l',
    status: 'abonado',
    parentRecordId: 'g2tm7jcujicdmc05gpsepayg',
    childCount: 0
  },
  {
    documentId: 'r3y9tbt513nxisejovuhb04f',
    status: 'abonado',
    parentRecordId: 'g2tm7jcujicdmc05gpsepayg',
    childCount: 0
  },
  {
    documentId: 'ugpw4al168xsmiie1tzxu7cv',
    status: 'abonado',
    parentRecordId: 'g2tm7jcujicdmc05gpsepayg',
    childCount: 0
  },
  {
    documentId: 'ehsmnlm4mqe2wj07q98m2wcb',
    status: 'pagado',
    parentRecordId: undefined,
    childCount: 0
  },
  {
    documentId: 'temtr29h8akwvd8sq6llu9pb',
    status: 'pagado',
    parentRecordId: undefined,
    childCount: 0
  },
  {
    documentId: 'etti475fwehmju6d8i545cii',
    status: 'pagado',
    parentRecordId: undefined,
    childCount: 0
  },
  {
    documentId: 'emhr6lup7bmpdyyi0wo6a2b0',
    status: 'pagado',
    parentRecordId: undefined,
    childCount: 0
  },
  {
    documentId: 'rvzsk5ev2szdwj4i79nsa09l',
    status: 'pagado',
    parentRecordId: undefined,
    childCount: 0
  },
  {
    documentId: 'jd4l8sl2wtj6kwzk22ev5zc9',
    status: 'pagado',
    parentRecordId: undefined,
    childCount: 0
  }
]
[notifications] Usuario autenticado: { id: 30, documentId: 'uwhuprf218vdc1mup3esrvfz', role: 'admin' }
[notifications] Usuario autenticado: { id: 30, documentId: 'uwhuprf218vdc1mup3esrvfz', role: 'admin' }
[notifications] Usuario autenticado: { id: 30, documentId: 'uwhuprf218vdc1mup3esrvfz', role: 'admin' }
[notifications] Usuario autenticado: { id: 30, documentId: 'uwhuprf218vdc1mup3esrvfz', role: 'admin' }
[notifications] Usuario autenticado: { id: 30, documentId: 'uwhuprf218vdc1mup3esrvfz', role: 'admin' }
[notifications] Usuario autenticado: { id: 30, documentId: 'uwhuprf218vdc1mup3esrvfz', role: 'admin' }
[notifications] Usuario autenticado: { id: 30, documentId: 'uwhuprf218vdc1mup3esrvfz', role: 'admin' }
[notifications] Usuario autenticado: { id: 30, documentId: 'uwhuprf218vdc1mup3esrvfz', role: 'admin' }
[notifications] Usuario autenticado: { id: 30, documentId: 'uwhuprf218vdc1mup3esrvfz', role: 'admin' }
[notifications] Usuario autenticado: { id: 30, documentId: 'uwhuprf218vdc1mup3esrvfz', role: 'admin' }
[notifications] Usuario autenticado: { id: 30, documentId: 'uwhuprf218vdc1mup3esrvfz', role: 'admin' }
[notifications] Usuario autenticado: { id: 30, documentId: 'uwhuprf218vdc1mup3esrvfz', role: 'admin' }
[notifications] Usuario autenticado: { id: 30, documentId: 'uwhuprf218vdc1mup3esrvfz', role: 'admin' }
[notifications] Usuario autenticado: { id: 30, documentId: 'uwhuprf218vdc1mup3esrvfz', role: 'admin' }
[notifications] Usuario autenticado: { id: 30, documentId: 'uwhuprf218vdc1mup3esrvfz', role: 'admin' }
[notifications] Usuario autenticado: { id: 30, documentId: 'uwhuprf218vdc1mup3esrvfz', role: 'admin' }
[notifications] Usuario autenticado: { id: 30, documentId: 'uwhuprf218vdc1mup3esrvfz', role: 'admin' }
[notifications] Usuario autenticado: { id: 30, documentId: 'uwhuprf218vdc1mup3esrvfz', role: 'admin' }
[notifications] Usuario autenticado: { id: 30, documentId: 'uwhuprf218vdc1mup3esrvfz', role: 'admin' }
[notifications] Usuario autenticado: { id: 30, documentId: 'uwhuprf218vdc1mup3esrvfz', role: 'admin' }
[notifications] Usuario autenticado: { id: 30, documentId: 'uwhuprf218vdc1mup3esrvfz', role: 'admin' }
[notifications] Usuario autenticado: { id: 30, documentId: 'uwhuprf218vdc1mup3esrvfz', role: 'admin' }
[notifications] Usuario autenticado: { id: 30, documentId: 'uwhuprf218vdc1mup3esrvfz', role: 'admin' }
[notifications] Usuario autenticado: { id: 30, documentId: 'uwhuprf218vdc1mup3esrvfz', role: 'admin' }
[notifications] Usuario autenticado: { id: 30, documentId: 'uwhuprf218vdc1mup3esrvfz', role: 'admin' }
[notifications] Usuario autenticado: { id: 30, documentId: 'uwhuprf218vdc1mup3esrvfz', role: 'admin' }
[notifications] Usuario autenticado: { id: 30, documentId: 'uwhuprf218vdc1mup3esrvfz', role: 'admin' }
[notifications] Usuario autenticado: { id: 30, documentId: 'uwhuprf218vdc1mup3esrvfz', role: 'admin' }
[notifications] Usuario autenticado: { id: 30, documentId: 'uwhuprf218vdc1mup3esrvfz', role: 'admin' }
[notifications] Usuario autenticado: { id: 30, documentId: 'uwhuprf218vdc1mup3esrvfz', role: 'admin' }
[notifications] Usuario autenticado: { id: 30, documentId: 'uwhuprf218vdc1mup3esrvfz', role: 'admin' }
[notifications] Usuario autenticado: { id: 30, documentId: 'uwhuprf218vdc1mup3esrvfz', role: 'admin' }
[notifications] Usuario autenticado: { id: 30, documentId: 'uwhuprf218vdc1mup3esrvfz', role: 'admin' }
[notifications] Usuario autenticado: { id: 30, documentId: 'uwhuprf218vdc1mup3esrvfz', role: 'admin' }
[notifications] Usuario autenticado: { id: 30, documentId: 'uwhuprf218vdc1mup3esrvfz', role: 'admin' }
[notifications] Usuario autenticado: { id: 30, documentId: 'uwhuprf218vdc1mup3esrvfz', role: 'admin' }
[notifications] Usuario autenticado: { id: 30, documentId: 'uwhuprf218vdc1mup3esrvfz', role: 'admin' }
[notifications] Usuario autenticado: { id: 30, documentId: 'uwhuprf218vdc1mup3esrvfz', role: 'admin' }
[notifications] Usuario autenticado: { id: 30, documentId: 'uwhuprf218vdc1mup3esrvfz', role: 'admin' }
[notifications] Usuario autenticado: { id: 30, documentId: 'uwhuprf218vdc1mup3esrvfz', role: 'admin' }
[notifications] Usuario autenticado: { id: 30, documentId: 'uwhuprf218vdc1mup3esrvfz', role: 'admin' }
[notifications] Usuario autenticado: { id: 30, documentId: 'uwhuprf218vdc1mup3esrvfz', role: 'admin' }
[notifications] Usuario autenticado: { id: 30, documentId: 'uwhuprf218vdc1mup3esrvfz', role: 'admin' }
[notifications] Usuario autenticado: { id: 30, documentId: 'uwhuprf218vdc1mup3esrvfz', role: 'admin' }
[notifications] Usuario autenticado: { id: 30, documentId: 'uwhuprf218vdc1mup3esrvfz', role: 'admin' }
[notifications] Usuario autenticado: { id: 30, documentId: 'uwhuprf218vdc1mup3esrvfz', role: 'admin' }
[notifications] Usuario autenticado: { id: 30, documentId: 'uwhuprf218vdc1mup3esrvfz', role: 'admin' }
[notifications] Usuario autenticado: { id: 30, documentId: 'uwhuprf218vdc1mup3esrvfz', role: 'admin' }
[notifications] Usuario autenticado: { id: 30, documentId: 'uwhuprf218vdc1mup3esrvfz', role: 'admin' }
[notifications] Usuario autenticado: { id: 30, documentId: 'uwhuprf218vdc1mup3esrvfz', role: 'admin' }
[notifications] Usuario autenticado: { id: 30, documentId: 'uwhuprf218vdc1mup3esrvfz', role: 'admin' }
[notifications] Usuario autenticado: { id: 30, documentId: 'uwhuprf218vdc1mup3esrvfz', role: 'admin' }
[notifications] Usuario autenticado: { id: 30, documentId: 'uwhuprf218vdc1mup3esrvfz', role: 'admin' }
[notifications] Usuario autenticado: { id: 30, documentId: 'uwhuprf218vdc1mup3esrvfz', role: 'admin' }
[notifications] Usuario autenticado: { id: 30, documentId: 'uwhuprf218vdc1mup3esrvfz', role: 'admin' }
[notifications] Usuario autenticado: { id: 30, documentId: 'uwhuprf218vdc1mup3esrvfz', role: 'admin' }
[notifications] Usuario autenticado: { id: 30, documentId: 'uwhuprf218vdc1mup3esrvfz', role: 'admin' }
[notifications] Usuario autenticado: { id: 30, documentId: 'uwhuprf218vdc1mup3esrvfz', role: 'admin' }
[notifications] Usuario autenticado: { id: 30, documentId: 'uwhuprf218vdc1mup3esrvfz', role: 'admin' }
[notifications] Usuario autenticado: { id: 30, documentId: 'uwhuprf218vdc1mup3esrvfz', role: 'admin' }
[notifications] Usuario autenticado: { id: 30, documentId: 'uwhuprf218vdc1mup3esrvfz', role: 'admin' }
[notifications] Usuario autenticado: { id: 30, documentId: 'uwhuprf218vdc1mup3esrvfz', role: 'admin' }
[notifications] Usuario autenticado: { id: 30, documentId: 'uwhuprf218vdc1mup3esrvfz', role: 'admin' }
[notifications] Usuario autenticado: { id: 30, documentId: 'uwhuprf218vdc1mup3esrvfz', role: 'admin' }
[notifications] Usuario autenticado: { id: 30, documentId: 'uwhuprf218vdc1mup3esrvfz', role: 'admin' }
[notifications] Usuario autenticado: { id: 30, documentId: 'uwhuprf218vdc1mup3esrvfz', role: 'admin' }
[notifications] Usuario autenticado: { id: 30, documentId: 'uwhuprf218vdc1mup3esrvfz', role: 'admin' }
[notifications] Usuario autenticado: { id: 30, documentId: 'uwhuprf218vdc1mup3esrvfz', role: 'admin' }
[API Billing] Fetching records for financing: qoye8jdqy5dqzek5lwc1lwv5
[Billing] Method 1: Fetching financing with records: qoye8jdqy5dqzek5lwc1lwv5
[Billing] Method 2 (Fallback): Fetching for financing qoye8jdqy5dqzek5lwc1lwv5
[Billing] Trying format 1 (documentId filter)
[Billing] Format 1 result: { count: 10 }
[API Billing] Found 10 records [
  {
    documentId: 'g2tm7jcujicdmc05gpsepayg',
    status: 'retrasado',
    parentRecordId: undefined,
    childCount: 3
  },
  {
    documentId: 'myefzf3brnayuxm2t0rqxy8l',
    status: 'abonado',
    parentRecordId: 'g2tm7jcujicdmc05gpsepayg',
    childCount: 0
  },
  {
    documentId: 'r3y9tbt513nxisejovuhb04f',
    status: 'abonado',
    parentRecordId: 'g2tm7jcujicdmc05gpsepayg',
    childCount: 0
  },
  {
    documentId: 'ugpw4al168xsmiie1tzxu7cv',
    status: 'abonado',
    parentRecordId: 'g2tm7jcujicdmc05gpsepayg',
    childCount: 0
  },
  {
    documentId: 'ehsmnlm4mqe2wj07q98m2wcb',
    status: 'pagado',
    parentRecordId: undefined,
    childCount: 0
  },
  {
    documentId: 'temtr29h8akwvd8sq6llu9pb',
    status: 'pagado',
    parentRecordId: undefined,
    childCount: 0
  },
  {
    documentId: 'etti475fwehmju6d8i545cii',
    status: 'pagado',
    parentRecordId: undefined,
    childCount: 0
  },
  {
    documentId: 'emhr6lup7bmpdyyi0wo6a2b0',
    status: 'pagado',
    parentRecordId: undefined,
    childCount: 0
  },
  {
    documentId: 'rvzsk5ev2szdwj4i79nsa09l',
    status: 'pagado',
    parentRecordId: undefined,
    childCount: 0
  },
  {
    documentId: 'jd4l8sl2wtj6kwzk22ev5zc9',
    status: 'pagado',
    parentRecordId: undefined,
    childCount: 0
  }
]
[notifications] Usuario autenticado: { id: 30, documentId: 'uwhuprf218vdc1mup3esrvfz', role: 'admin' }
[API AutoCover] Ejecutando auto-cover para financing qoye8jdqy5dqzek5lwc1lwv5
[autoCoverPendingQuotas] Iniciando auto-cover para financing qoye8jdqy5dqzek5lwc1lwv5
[autoCoverPendingQuotas] Adelantos con saldo: 0 []
[autoCoverPendingQuotas] No hay adelantos con saldo disponible
[notifications] Usuario autenticado: { id: 30, documentId: 'uwhuprf218vdc1mup3esrvfz', role: 'admin' }
[API Billing Unified] Creando pago raíz de $5 para financing qoye8jdqy5dqzek5lwc1lwv5
[API Billing Unified] Pago raíz creado: ejet7y5yvrgk3278766avuo7
[unifiedAllocatePayment] Starting allocation for payment ejet7y5yvrgk3278766avuo7 ($5)
[unifiedAllocatePayment] Step 0: Accruing penalties for financing qoye8jdqy5dqzek5lwc1lwv5...
[accruePenalties] Query URL: https://api.car4youpanama.com/api/billing-records?filters[financing][documentId][$eq]=qoye8jdqy5dqzek5lwc1lwv5&filters[status][$in][0]=pendiente&filters[status][$in][1]=retrasado&filters[status][$in][2]=abonado&filters[parentRecord][$null]=true&filters[$or][0][status][$in][0]=retrasado&filters[$or][0][status][$in][1]=abonado&filters[$or][1][dueDate][$lte]=2026-05-27&fields[0]=id&fields[1]=documentId&fields[2]=amount&fields[3]=dueDate&fields[4]=status&fields[5]=quotaNumber&fields[6]=daysLate&fields[7]=lateFeeAmount&populate[childRecords][fields][0]=id&populate[childRecords][fields][1]=documentId&populate[childRecords][fields][2]=amount&pagination[pageSize]=500
[accruePenalties] Found 1 overdue quota(s) with balance > 0 for financing qoye8jdqy5dqzek5lwc1lwv5
[accruePenalties] Quota #1 due=2026-05-29 pendingBalance=$5.5 daysLate=1 penaltyAmount=$22.5
[accruePenalties] ✓ Updated penalty gnoeuuy9sxp0qd42rsbcu4as for quota #1: amount=22.5, days=1
[unifiedAllocatePayment] Step 0 complete: 1 penalty debt(s) accrued/updated
[unifiedAllocatePayment] Open debts: 2 (penalties=1, quotas=1)
[
  '  [penalty] gnoeuuy9sxp0qd42rsbcu4as # due=2026-05-29 pending=$22.5',
  '  [quota] g2tm7jcujicdmc05gpsepayg #1 due=2026-05-29 pending=$5.5'
]
[unifiedAllocatePayment] Plan: 1 steps, applied=$5, leftover=$0
[applyAllocationToPenalty] ✓ Penalty gnoeuuy9sxp0qd42rsbcu4as updated: pending=$17.5, status=partially_paid
[createPaymentApplication] ✓ Ledger record: hg0o0upokrrxjysj003xnw1k
[finalizePaymentRecord] ✓ Payment ejet7y5yvrgk3278766avuo7 finalized: amount=$0, status=pagado
[API Billing] Fetching records for financing: qoye8jdqy5dqzek5lwc1lwv5
[Billing] Method 1: Fetching financing with records: qoye8jdqy5dqzek5lwc1lwv5
[Billing] Method 2 (Fallback): Fetching for financing qoye8jdqy5dqzek5lwc1lwv5
[Billing] Trying format 1 (documentId filter)
[Billing] Format 1 result: { count: 11 }
[API Billing] Found 11 records [
  {
    documentId: 'g2tm7jcujicdmc05gpsepayg',
    status: 'retrasado',
    parentRecordId: undefined,
    childCount: 3
  },
  {
    documentId: 'myefzf3brnayuxm2t0rqxy8l',
    status: 'abonado',
    parentRecordId: 'g2tm7jcujicdmc05gpsepayg',
    childCount: 0
  },
  {
    documentId: 'r3y9tbt513nxisejovuhb04f',
    status: 'abonado',
    parentRecordId: 'g2tm7jcujicdmc05gpsepayg',
    childCount: 0
  },
  {
    documentId: 'ugpw4al168xsmiie1tzxu7cv',
    status: 'abonado',
    parentRecordId: 'g2tm7jcujicdmc05gpsepayg',
    childCount: 0
  },
  {
    documentId: 'ehsmnlm4mqe2wj07q98m2wcb',
    status: 'pagado',
    parentRecordId: undefined,
    childCount: 0
  },
  {
    documentId: 'temtr29h8akwvd8sq6llu9pb',
    status: 'pagado',
    parentRecordId: undefined,
    childCount: 0
  },
  {
    documentId: 'etti475fwehmju6d8i545cii',
    status: 'pagado',
    parentRecordId: undefined,
    childCount: 0
  },
  {
    documentId: 'emhr6lup7bmpdyyi0wo6a2b0',
    status: 'pagado',
    parentRecordId: undefined,
    childCount: 0
  },
  {
    documentId: 'rvzsk5ev2szdwj4i79nsa09l',
    status: 'pagado',
    parentRecordId: undefined,
    childCount: 0
  },
  {
    documentId: 'jd4l8sl2wtj6kwzk22ev5zc9',
    status: 'pagado',
    parentRecordId: undefined,
    childCount: 0
  },
  {
    documentId: 'ejet7y5yvrgk3278766avuo7',
    status: 'pagado',
    parentRecordId: undefined,
    childCount: 0
  }
]
[API Billing Unified] Creando pago raíz de $20 para financing qoye8jdqy5dqzek5lwc1lwv5
[API Billing Unified] Pago raíz creado: cl0neqchxx70804bir7eirhx
[unifiedAllocatePayment] Starting allocation for payment cl0neqchxx70804bir7eirhx ($20)
[unifiedAllocatePayment] Step 0: Accruing penalties for financing qoye8jdqy5dqzek5lwc1lwv5...
[accruePenalties] Query URL: https://api.car4youpanama.com/api/billing-records?filters[financing][documentId][$eq]=qoye8jdqy5dqzek5lwc1lwv5&filters[status][$in][0]=pendiente&filters[status][$in][1]=retrasado&filters[status][$in][2]=abonado&filters[parentRecord][$null]=true&filters[$or][0][status][$in][0]=retrasado&filters[$or][0][status][$in][1]=abonado&filters[$or][1][dueDate][$lte]=2026-05-27&fields[0]=id&fields[1]=documentId&fields[2]=amount&fields[3]=dueDate&fields[4]=status&fields[5]=quotaNumber&fields[6]=daysLate&fields[7]=lateFeeAmount&populate[childRecords][fields][0]=id&populate[childRecords][fields][1]=documentId&populate[childRecords][fields][2]=amount&pagination[pageSize]=500
[accruePenalties] Found 1 overdue quota(s) with balance > 0 for financing qoye8jdqy5dqzek5lwc1lwv5
[accruePenalties] Quota #1 due=2026-05-29 pendingBalance=$5.5 daysLate=1 penaltyAmount=$22.5
[accruePenalties] ✓ Updated penalty gnoeuuy9sxp0qd42rsbcu4as for quota #1: amount=22.5, days=1
[unifiedAllocatePayment] Step 0 complete: 1 penalty debt(s) accrued/updated
[unifiedAllocatePayment] Open debts: 2 (penalties=1, quotas=1)
[
  '  [penalty] gnoeuuy9sxp0qd42rsbcu4as # due=2026-05-29 pending=$22.5',
  '  [quota] g2tm7jcujicdmc05gpsepayg #1 due=2026-05-29 pending=$5.5'
]
[unifiedAllocatePayment] Plan: 1 steps, applied=$20, leftover=$0
[applyAllocationToPenalty] ✓ Penalty gnoeuuy9sxp0qd42rsbcu4as updated: pending=$2.5, status=partially_paid
[createPaymentApplication] ✓ Ledger record: vx6gn8twgbae8zm0qgv4zg6t
[finalizePaymentRecord] ✓ Payment cl0neqchxx70804bir7eirhx finalized: amount=$0, status=pagado
[API Billing] Fetching records for financing: qoye8jdqy5dqzek5lwc1lwv5
[Billing] Method 1: Fetching financing with records: qoye8jdqy5dqzek5lwc1lwv5
[Billing] Method 2 (Fallback): Fetching for financing qoye8jdqy5dqzek5lwc1lwv5
[Billing] Trying format 1 (documentId filter)
[Billing] Format 1 result: { count: 12 }
[API Billing] Found 12 records [
  {
    documentId: 'g2tm7jcujicdmc05gpsepayg',
    status: 'retrasado',
    parentRecordId: undefined,
    childCount: 3
  },
  {
    documentId: 'myefzf3brnayuxm2t0rqxy8l',
    status: 'abonado',
    parentRecordId: 'g2tm7jcujicdmc05gpsepayg',
    childCount: 0
  },
  {
    documentId: 'r3y9tbt513nxisejovuhb04f',
    status: 'abonado',
    parentRecordId: 'g2tm7jcujicdmc05gpsepayg',
    childCount: 0
  },
  {
    documentId: 'ugpw4al168xsmiie1tzxu7cv',
    status: 'abonado',
    parentRecordId: 'g2tm7jcujicdmc05gpsepayg',
    childCount: 0
  },
  {
    documentId: 'ehsmnlm4mqe2wj07q98m2wcb',
    status: 'pagado',
    parentRecordId: undefined,
    childCount: 0
  },
  {
    documentId: 'temtr29h8akwvd8sq6llu9pb',
    status: 'pagado',
    parentRecordId: undefined,
    childCount: 0
  },
  {
    documentId: 'etti475fwehmju6d8i545cii',
    status: 'pagado',
    parentRecordId: undefined,
    childCount: 0
  },
  {
    documentId: 'emhr6lup7bmpdyyi0wo6a2b0',
    status: 'pagado',
    parentRecordId: undefined,
    childCount: 0
  },
  {
    documentId: 'rvzsk5ev2szdwj4i79nsa09l',
    status: 'pagado',
    parentRecordId: undefined,
    childCount: 0
  },
  {
    documentId: 'jd4l8sl2wtj6kwzk22ev5zc9',
    status: 'pagado',
    parentRecordId: undefined,
    childCount: 0
  },
  {
    documentId: 'ejet7y5yvrgk3278766avuo7',
    status: 'pagado',
    parentRecordId: undefined,
    childCount: 0
  },
  {
    documentId: 'cl0neqchxx70804bir7eirhx',
    status: 'pagado',
    parentRecordId: undefined,
    childCount: 0
  }
]
[API Billing Unified] Creando pago raíz de $7 para financing qoye8jdqy5dqzek5lwc1lwv5
[API Billing Unified] Pago raíz creado: pb9q1eaf65jcl6eo9dqeg8wk
[unifiedAllocatePayment] Starting allocation for payment pb9q1eaf65jcl6eo9dqeg8wk ($7)
[unifiedAllocatePayment] Step 0: Accruing penalties for financing qoye8jdqy5dqzek5lwc1lwv5...
[accruePenalties] Query URL: https://api.car4youpanama.com/api/billing-records?filters[financing][documentId][$eq]=qoye8jdqy5dqzek5lwc1lwv5&filters[status][$in][0]=pendiente&filters[status][$in][1]=retrasado&filters[status][$in][2]=abonado&filters[parentRecord][$null]=true&filters[$or][0][status][$in][0]=retrasado&filters[$or][0][status][$in][1]=abonado&filters[$or][1][dueDate][$lte]=2026-05-27&fields[0]=id&fields[1]=documentId&fields[2]=amount&fields[3]=dueDate&fields[4]=status&fields[5]=quotaNumber&fields[6]=daysLate&fields[7]=lateFeeAmount&populate[childRecords][fields][0]=id&populate[childRecords][fields][1]=documentId&populate[childRecords][fields][2]=amount&pagination[pageSize]=500
[accruePenalties] Found 1 overdue quota(s) with balance > 0 for financing qoye8jdqy5dqzek5lwc1lwv5
[accruePenalties] Quota #1 due=2026-05-29 pendingBalance=$5.5 daysLate=1 penaltyAmount=$22.5
[accruePenalties] ✓ Updated penalty gnoeuuy9sxp0qd42rsbcu4as for quota #1: amount=22.5, days=1
[unifiedAllocatePayment] Step 0 complete: 1 penalty debt(s) accrued/updated
[unifiedAllocatePayment] Open debts: 2 (penalties=1, quotas=1)
[
  '  [penalty] gnoeuuy9sxp0qd42rsbcu4as # due=2026-05-29 pending=$22.5',
  '  [quota] g2tm7jcujicdmc05gpsepayg #1 due=2026-05-29 pending=$5.5'
]
[unifiedAllocatePayment] Plan: 1 steps, applied=$7, leftover=$0
[applyAllocationToPenalty] ✓ Penalty gnoeuuy9sxp0qd42rsbcu4as updated: pending=$15.5, status=partially_paid
[createPaymentApplication] ✓ Ledger record: qtn95xtiyubir6wn5nj0s491
[finalizePaymentRecord] ✓ Payment pb9q1eaf65jcl6eo9dqeg8wk finalized: amount=$0, status=pagado
[API Billing] Fetching records for financing: qoye8jdqy5dqzek5lwc1lwv5
[Billing] Method 1: Fetching financing with records: qoye8jdqy5dqzek5lwc1lwv5
[Billing] Method 2 (Fallback): Fetching for financing qoye8jdqy5dqzek5lwc1lwv5
[Billing] Trying format 1 (documentId filter)
[Billing] Format 1 result: { count: 13 }
[API Billing] Found 13 records [
  {
    documentId: 'g2tm7jcujicdmc05gpsepayg',
    status: 'retrasado',
    parentRecordId: undefined,
    childCount: 3
  },
  {
    documentId: 'myefzf3brnayuxm2t0rqxy8l',
    status: 'abonado',
    parentRecordId: 'g2tm7jcujicdmc05gpsepayg',
    childCount: 0
  },
  {
    documentId: 'r3y9tbt513nxisejovuhb04f',
    status: 'abonado',
    parentRecordId: 'g2tm7jcujicdmc05gpsepayg',
    childCount: 0
  },
  {
    documentId: 'ugpw4al168xsmiie1tzxu7cv',
    status: 'abonado',
    parentRecordId: 'g2tm7jcujicdmc05gpsepayg',
    childCount: 0
  },
  {
    documentId: 'ehsmnlm4mqe2wj07q98m2wcb',
    status: 'pagado',
    parentRecordId: undefined,
    childCount: 0
  },
  {
    documentId: 'temtr29h8akwvd8sq6llu9pb',
    status: 'pagado',
    parentRecordId: undefined,
    childCount: 0
  },
  {
    documentId: 'etti475fwehmju6d8i545cii',
    status: 'pagado',
    parentRecordId: undefined,
    childCount: 0
  },
  {
    documentId: 'emhr6lup7bmpdyyi0wo6a2b0',
    status: 'pagado',
    parentRecordId: undefined,
    childCount: 0
  },
  {
    documentId: 'rvzsk5ev2szdwj4i79nsa09l',
    status: 'pagado',
    parentRecordId: undefined,
    childCount: 0
  },
  {
    documentId: 'jd4l8sl2wtj6kwzk22ev5zc9',
    status: 'pagado',
    parentRecordId: undefined,
    childCount: 0
  },
  {
    documentId: 'ejet7y5yvrgk3278766avuo7',
    status: 'pagado',
    parentRecordId: undefined,
    childCount: 0
  },
  {
    documentId: 'cl0neqchxx70804bir7eirhx',
    status: 'pagado',
    parentRecordId: undefined,
    childCount: 0
  },
  {
    documentId: 'pb9q1eaf65jcl6eo9dqeg8wk',
    status: 'pagado',
    parentRecordId: undefined,
    childCount: 0
  }
]
[API Billing Unified] Creando pago raíz de $21 para financing qoye8jdqy5dqzek5lwc1lwv5
[API Billing Unified] Pago raíz creado: hd2ux9xg2z8axzinohehz4fy
[unifiedAllocatePayment] Starting allocation for payment hd2ux9xg2z8axzinohehz4fy ($21)
[unifiedAllocatePayment] Step 0: Accruing penalties for financing qoye8jdqy5dqzek5lwc1lwv5...
[accruePenalties] Query URL: https://api.car4youpanama.com/api/billing-records?filters[financing][documentId][$eq]=qoye8jdqy5dqzek5lwc1lwv5&filters[status][$in][0]=pendiente&filters[status][$in][1]=retrasado&filters[status][$in][2]=abonado&filters[parentRecord][$null]=true&filters[$or][0][status][$in][0]=retrasado&filters[$or][0][status][$in][1]=abonado&filters[$or][1][dueDate][$lte]=2026-05-27&fields[0]=id&fields[1]=documentId&fields[2]=amount&fields[3]=dueDate&fields[4]=status&fields[5]=quotaNumber&fields[6]=daysLate&fields[7]=lateFeeAmount&populate[childRecords][fields][0]=id&populate[childRecords][fields][1]=documentId&populate[childRecords][fields][2]=amount&pagination[pageSize]=500
[accruePenalties] Found 1 overdue quota(s) with balance > 0 for financing qoye8jdqy5dqzek5lwc1lwv5
[accruePenalties] Quota #1 due=2026-05-29 pendingBalance=$5.5 daysLate=1 penaltyAmount=$22.5
[accruePenalties] ✓ Updated penalty gnoeuuy9sxp0qd42rsbcu4as for quota #1: amount=22.5, days=1
[unifiedAllocatePayment] Step 0 complete: 1 penalty debt(s) accrued/updated
[unifiedAllocatePayment] Open debts: 2 (penalties=1, quotas=1)
[
  '  [penalty] gnoeuuy9sxp0qd42rsbcu4as # due=2026-05-29 pending=$22.5',
  '  [quota] g2tm7jcujicdmc05gpsepayg #1 due=2026-05-29 pending=$5.5'
]
[unifiedAllocatePayment] Plan: 1 steps, applied=$21, leftover=$0
[applyAllocationToPenalty] ✓ Penalty gnoeuuy9sxp0qd42rsbcu4as updated: pending=$1.5, status=partially_paid
[createPaymentApplication] ✓ Ledger record: tm0h70tvqy28jzxldw93dd6v
[finalizePaymentRecord] ✓ Payment hd2ux9xg2z8axzinohehz4fy finalized: amount=$0, status=pagado
[API Billing] Fetching records for financing: qoye8jdqy5dqzek5lwc1lwv5
[Billing] Method 1: Fetching financing with records: qoye8jdqy5dqzek5lwc1lwv5
[Billing] Method 2 (Fallback): Fetching for financing qoye8jdqy5dqzek5lwc1lwv5
[Billing] Trying format 1 (documentId filter)
[Billing] Format 1 result: { count: 14 }
[API Billing] Found 14 records [
  {
    documentId: 'g2tm7jcujicdmc05gpsepayg',
    status: 'retrasado',
    parentRecordId: undefined,
    childCount: 3
  },
  {
    documentId: 'myefzf3brnayuxm2t0rqxy8l',
    status: 'abonado',
    parentRecordId: 'g2tm7jcujicdmc05gpsepayg',
    childCount: 0
  },
  {
    documentId: 'r3y9tbt513nxisejovuhb04f',
    status: 'abonado',
    parentRecordId: 'g2tm7jcujicdmc05gpsepayg',
    childCount: 0
  },
  {
    documentId: 'ugpw4al168xsmiie1tzxu7cv',
    status: 'abonado',
    parentRecordId: 'g2tm7jcujicdmc05gpsepayg',
    childCount: 0
  },
  {
    documentId: 'ehsmnlm4mqe2wj07q98m2wcb',
    status: 'pagado',
    parentRecordId: undefined,
    childCount: 0
  },
  {
    documentId: 'temtr29h8akwvd8sq6llu9pb',
    status: 'pagado',
    parentRecordId: undefined,
    childCount: 0
  },
  {
    documentId: 'etti475fwehmju6d8i545cii',
    status: 'pagado',
    parentRecordId: undefined,
    childCount: 0
  },
  {
    documentId: 'emhr6lup7bmpdyyi0wo6a2b0',
    status: 'pagado',
    parentRecordId: undefined,
    childCount: 0
  },
  {
    documentId: 'rvzsk5ev2szdwj4i79nsa09l',
    status: 'pagado',
    parentRecordId: undefined,
    childCount: 0
  },
  {
    documentId: 'jd4l8sl2wtj6kwzk22ev5zc9',
    status: 'pagado',
    parentRecordId: undefined,
    childCount: 0
  },
  {
    documentId: 'ejet7y5yvrgk3278766avuo7',
    status: 'pagado',
    parentRecordId: undefined,
    childCount: 0
  },
  {
    documentId: 'cl0neqchxx70804bir7eirhx',
    status: 'pagado',
    parentRecordId: undefined,
    childCount: 0
  },
  {
    documentId: 'pb9q1eaf65jcl6eo9dqeg8wk',
    status: 'pagado',
    parentRecordId: undefined,
    childCount: 0
  },
  {
    documentId: 'hd2ux9xg2z8axzinohehz4fy',
    status: 'pagado',
    parentRecordId: undefined,
    childCount: 0
  }
]
[API Billing Unified] Creando pago raíz de $10 para financing qoye8jdqy5dqzek5lwc1lwv5
[API Billing Unified] Pago raíz creado: ytcasqz7e3h51b5lw6vdmmrv
[unifiedAllocatePayment] Starting allocation for payment ytcasqz7e3h51b5lw6vdmmrv ($10)
[unifiedAllocatePayment] Step 0: Accruing penalties for financing qoye8jdqy5dqzek5lwc1lwv5...
[accruePenalties] Query URL: https://api.car4youpanama.com/api/billing-records?filters[financing][documentId][$eq]=qoye8jdqy5dqzek5lwc1lwv5&filters[status][$in][0]=pendiente&filters[status][$in][1]=retrasado&filters[status][$in][2]=abonado&filters[parentRecord][$null]=true&filters[$or][0][status][$in][0]=retrasado&filters[$or][0][status][$in][1]=abonado&filters[$or][1][dueDate][$lte]=2026-05-27&fields[0]=id&fields[1]=documentId&fields[2]=amount&fields[3]=dueDate&fields[4]=status&fields[5]=quotaNumber&fields[6]=daysLate&fields[7]=lateFeeAmount&populate[childRecords][fields][0]=id&populate[childRecords][fields][1]=documentId&populate[childRecords][fields][2]=amount&pagination[pageSize]=500
[accruePenalties] Found 1 overdue quota(s) with balance > 0 for financing qoye8jdqy5dqzek5lwc1lwv5
[accruePenalties] Quota #1 due=2026-05-29 pendingBalance=$5.5 daysLate=1 penaltyAmount=$22.5
[accruePenalties] ✓ Updated penalty gnoeuuy9sxp0qd42rsbcu4as for quota #1: amount=22.5, days=1
[unifiedAllocatePayment] Step 0 complete: 1 penalty debt(s) accrued/updated
[unifiedAllocatePayment] Open debts: 2 (penalties=1, quotas=1)
[
  '  [penalty] gnoeuuy9sxp0qd42rsbcu4as # due=2026-05-29 pending=$22.5',
  '  [quota] g2tm7jcujicdmc05gpsepayg #1 due=2026-05-29 pending=$5.5'
]
[unifiedAllocatePayment] Plan: 1 steps, applied=$10, leftover=$0
[applyAllocationToPenalty] ✓ Penalty gnoeuuy9sxp0qd42rsbcu4as updated: pending=$12.5, status=partially_paid
[createPaymentApplication] ✓ Ledger record: mqurtd9j2ear0gefot3whq6j
[finalizePaymentRecord] ✓ Payment ytcasqz7e3h51b5lw6vdmmrv finalized: amount=$0, status=pagado
[API Billing] Fetching records for financing: qoye8jdqy5dqzek5lwc1lwv5
[Billing] Method 1: Fetching financing with records: qoye8jdqy5dqzek5lwc1lwv5
[Billing] Method 2 (Fallback): Fetching for financing qoye8jdqy5dqzek5lwc1lwv5
[Billing] Trying format 1 (documentId filter)
[Billing] Format 1 result: { count: 15 }
[API Billing] Found 15 records [
  {
    documentId: 'g2tm7jcujicdmc05gpsepayg',
    status: 'retrasado',
    parentRecordId: undefined,
    childCount: 3
  },
  {
    documentId: 'myefzf3brnayuxm2t0rqxy8l',
    status: 'abonado',
    parentRecordId: 'g2tm7jcujicdmc05gpsepayg',
    childCount: 0
  },
  {
    documentId: 'r3y9tbt513nxisejovuhb04f',
    status: 'abonado',
    parentRecordId: 'g2tm7jcujicdmc05gpsepayg',
    childCount: 0
  },
  {
    documentId: 'ugpw4al168xsmiie1tzxu7cv',
    status: 'abonado',
    parentRecordId: 'g2tm7jcujicdmc05gpsepayg',
    childCount: 0
  },
  {
    documentId: 'ehsmnlm4mqe2wj07q98m2wcb',
    status: 'pagado',
    parentRecordId: undefined,
    childCount: 0
  },
  {
    documentId: 'temtr29h8akwvd8sq6llu9pb',
    status: 'pagado',
    parentRecordId: undefined,
    childCount: 0
  },
  {
    documentId: 'etti475fwehmju6d8i545cii',
    status: 'pagado',
    parentRecordId: undefined,
    childCount: 0
  },
  {
    documentId: 'emhr6lup7bmpdyyi0wo6a2b0',
    status: 'pagado',
    parentRecordId: undefined,
    childCount: 0
  },
  {
    documentId: 'rvzsk5ev2szdwj4i79nsa09l',
    status: 'pagado',
    parentRecordId: undefined,
    childCount: 0
  },
  {
    documentId: 'jd4l8sl2wtj6kwzk22ev5zc9',
    status: 'pagado',
    parentRecordId: undefined,
    childCount: 0
  },
  {
    documentId: 'ejet7y5yvrgk3278766avuo7',
    status: 'pagado',
    parentRecordId: undefined,
    childCount: 0
  },
  {
    documentId: 'cl0neqchxx70804bir7eirhx',
    status: 'pagado',
    parentRecordId: undefined,
    childCount: 0
  },
  {
    documentId: 'pb9q1eaf65jcl6eo9dqeg8wk',
    status: 'pagado',
    parentRecordId: undefined,
    childCount: 0
  },
  {
    documentId: 'hd2ux9xg2z8axzinohehz4fy',
    status: 'pagado',
    parentRecordId: undefined,
    childCount: 0
  },
  {
    documentId: 'ytcasqz7e3h51b5lw6vdmmrv',
    status: 'pagado',
    parentRecordId: undefined,
    childCount: 0
  }
]
[notifications] Usuario autenticado: { id: 30, documentId: 'uwhuprf218vdc1mup3esrvfz', role: 'admin' }
userResponese {
  id: 30,
  documentId: 'e60f6349800483b0a585a348',
  createdAt: '2026-04-20T18:08:28.363Z',
  updatedAt: '2026-05-18T21:09:26.569Z',
  publishedAt: '2026-04-20T18:08:28.363Z',
  isValidated: null,
  validatedAt: null,
  validationMethod: null,
  username: 'Antonio',
  email: 'berantloarod07@gmail.com',
  provider: 'local',
  confirmed: true,
  blocked: false
}
all is ok, continue to the requested page
userResponese {
  id: 30,
  documentId: 'e60f6349800483b0a585a348',
  createdAt: '2026-04-20T18:08:28.363Z',
  updatedAt: '2026-05-18T21:09:26.569Z',
  publishedAt: '2026-04-20T18:08:28.363Z',
  isValidated: null,
  validatedAt: null,
  validationMethod: null,
  username: 'Antonio',
  email: 'berantloarod07@gmail.com',
  provider: 'local',
  confirmed: true,
  blocked: false
}
all is ok, continue to the requested page
userResponese {
  id: 30,
  documentId: 'e60f6349800483b0a585a348',
  createdAt: '2026-04-20T18:08:28.363Z',
  updatedAt: '2026-05-18T21:09:26.569Z',
  publishedAt: '2026-04-20T18:08:28.363Z',
  isValidated: null,
  validatedAt: null,
  validationMethod: null,
  username: 'Antonio',
  email: 'berantloarod07@gmail.com',
  provider: 'local',
  confirmed: true,
  blocked: false
}
all is ok, continue to the requested page
userResponese {
  id: 30,
  documentId: 'e60f6349800483b0a585a348',
  createdAt: '2026-04-20T18:08:28.363Z',
  updatedAt: '2026-05-18T21:09:26.569Z',
  publishedAt: '2026-04-20T18:08:28.363Z',
  isValidated: null,
  validatedAt: null,
  validationMethod: null,
  username: 'Antonio',
  email: 'berantloarod07@gmail.com',
  provider: 'local',
  confirmed: true,
  blocked: false
}
userResponese {
  id: 30,
  documentId: 'e60f6349800483b0a585a348',
  createdAt: '2026-04-20T18:08:28.363Z',
  updatedAt: '2026-05-18T21:09:26.569Z',
  publishedAt: '2026-04-20T18:08:28.363Z',
  isValidated: null,
  validatedAt: null,
  validationMethod: null,
  username: 'Antonio',
  email: 'berantloarod07@gmail.com',
  provider: 'local',
  confirmed: true,
  blocked: false
}
all is ok, continue to the requested page
userResponese {
  id: 30,
  documentId: 'e60f6349800483b0a585a348',
  createdAt: '2026-04-20T18:08:28.363Z',
  updatedAt: '2026-05-18T21:09:26.569Z',
  publishedAt: '2026-04-20T18:08:28.363Z',
  isValidated: null,
  validatedAt: null,
  validationMethod: null,
  username: 'Antonio',
  email: 'berantloarod07@gmail.com',
  provider: 'local',
  confirmed: true,
  blocked: false
}
all is ok, continue to the requested page
all is ok, continue to the requested page
userResponese {
  id: 30,
  documentId: 'e60f6349800483b0a585a348',
  createdAt: '2026-04-20T18:08:28.363Z',
  updatedAt: '2026-05-18T21:09:26.569Z',
  publishedAt: '2026-04-20T18:08:28.363Z',
  isValidated: null,
  validatedAt: null,
  validationMethod: null,
  username: 'Antonio',
  email: 'berantloarod07@gmail.com',
  provider: 'local',
  confirmed: true,
  blocked: false
}
all is ok, continue to the requested page
[notifications] Usuario autenticado: { id: 30, documentId: 'uwhuprf218vdc1mup3esrvfz', role: 'admin' }
[API Billing] Fetching records for financing: xieinhah7ff7qexyqhr14fu5
[Billing] Method 1: Fetching financing with records: xieinhah7ff7qexyqhr14fu5
[Billing] Method 2 (Fallback): Fetching for financing xieinhah7ff7qexyqhr14fu5
[Billing] Trying format 1 (documentId filter)
[Billing] Format 1 result: { count: 0 }
[Billing] Trying format 2 (id filter)
[Billing] Format 2 result: { count: 0 }
[Billing] All methods failed for financing xieinhah7ff7qexyqhr14fu5
[API Billing] Found 0 records []
[API AutoCover] Ejecutando auto-cover para financing xieinhah7ff7qexyqhr14fu5
[autoCoverPendingQuotas] Iniciando auto-cover para financing xieinhah7ff7qexyqhr14fu5
[notifications] Usuario autenticado: { id: 30, documentId: 'uwhuprf218vdc1mup3esrvfz', role: 'admin' }
[autoCoverPendingQuotas] Adelantos con saldo: 0 []
[autoCoverPendingQuotas] No hay adelantos con saldo disponible
[notifications] Usuario autenticado: { id: 30, documentId: 'uwhuprf218vdc1mup3esrvfz', role: 'admin' }
[SimulateGeneration] Total financiamientos: 4, Filtrados (activo/en_mora): 4
[SimulateGeneration] Financing au9r2vng76kzd26xtog09ukt: Total records: 16
[SimulateGeneration] Cuota #1 ya existe con status: retrasado, saltando.
[SimulateGeneration] Financing xieinhah7ff7qexyqhr14fu5: Total records: 0
[SimulateGeneration] Creando cuota #1
[SimulateGeneration] Cuota creada: t5hncnz3e2phy697rdc1uf2d
[SimulateGeneration] Ejecutando auto-cover para financing xieinhah7ff7qexyqhr14fu5
[autoCoverPendingQuotas] Iniciando auto-cover para financing xieinhah7ff7qexyqhr14fu5
[autoCoverPendingQuotas] Adelantos con saldo: 0 []
[autoCoverPendingQuotas] No hay adelantos con saldo disponible
[SimulateGeneration] Financing o8j1rb9af4881b2rlr4e5hmp: Total records: 18
[SimulateGeneration] Cuota #1 ya existe con status: pagado, saltando.
[SimulateGeneration] Financing l39m443olgheszh1wqk8zkwq: Total records: 14
[SimulateGeneration] Cuota #1 ya existe con status: retrasado, saltando.
[SimulateOverdue] Retrasadas encontradas: 1
[SimulateOverdue] Primera retrasada: {
  "id": 1076,
  "documentId": "pg5i3qb1zowkcvhqav48lolr",
  "receiptNumber": "SIM-20260520-au9r2vng76kzd26xtog09ukt-1",
  "amount": 225,
  "currency": "PAB",
  "status": "retrasado",
  "quotaNumber": 1,
  "quotasCovered": 1,
  "quotaAmountCovered": null,
  "advanceCredit": 0,
  "remainingQuotaBalance": 0,
  "lateFeeAmount": 94.5,
  "daysLate": 9,
  "dueDate": "2026-05-21",
  "paymentDate": null,
  "confirmationNumber": null,
  "verifiedInBank": false,
  "verifiedAt": null,
  "comments": null,
  "isSimulated": true,
  "createdAt": "2026-05-18T23:15:43.048Z",
  "updatedAt": "2026-05-27T17:19:22.007Z",
  "publishedAt": "2026-05-27T17:19:22.001Z",
  "financing": {
    "id": 39,
    "documentId": "au9r2vng76kzd26xtog09ukt",
    "financingNumber": "FIN-20260518-34945",
    "totalAmount": 49500,
    "financingMonths": 51,
    "paymentFrequency": "semanal",
    "quotaAmount": 225,
    "totalQuotas": 220,
    "paidQuotas": 1,
    "startDate": "2026-05-18",
    "nextDueDate": "2026-05-25",
    "status": "activo",
    "maxLateQuotasAllowed": 4,
    "lateFeePercentage": 10,
    "currentBalance": 49380,
    "totalPaid": 120,
    "totalLateFees": 22.5,
    "lateQuotasCount": 1,
    "partialPaymentCredit": 0,
    "notes": null,
    "createdAt": "2026-05-18T23:15:35.011Z",
    "updatedAt": "2026-05-21T23:59:00.180Z",
    "publishedAt": "2026-05-21T23:59:00.171Z"
  },
  "childRecords": [
    {
      "id": 1078,
      "documentId": "bab5bzdiala437od9k5ztjua",
      "receiptNumber": "REC-202605-00009",
      "amount": 120,
      "currency": "PAB",
      "status": "abonado",
      "quotaNumber": 1,
      "quotasCovered": 1,
      "quotaAmountCovered": 120,
      "advanceCredit": 0,
      "remainingQuotaBalance": 105,
      "lateFeeAmount": 0,
      "daysLate": 0,
      "dueDate": "2026-05-21",
      "paymentDate": "2026-05-18",
      "confirmationNumber": null,
      "verifiedInBank": false,
      "verifiedAt": null,
      "comments": "Abono parcial generado automáticamente desde adelanto ea6n2ojctt1k3ztz5fvr01sv (saldo restante)",
      "isSimulated": false,
      "createdAt": "2026-05-18T23:16:38.136Z",
      "updatedAt": "2026-05-18T23:16:38.136Z",
      "publishedAt": "2026-05-18T23:16:38.125Z"
    }
  ]
}
[SimulateOverdue] Total invoices a procesar: 1
[SimulateOverdue] FinancingDocumentId extraído: au9r2vng76kzd26xtog09ukt
[SimulateOverdue] FinancingDocumentIds encontrados: [au9r2vng76kzd26xtog09ukt]
[getCoveredQuotasMap] Error fetching records: {"data":null,"error":{"status":400,"name":"ValidationError","message":"Invalid key financing","details":{"key":"financing","path":"financing","source":"query","param":"fields"}}}
[SimulateOverdue] Mapa de cuotas cubiertas:
[SimulateOverdue] Procesando record: quotaNumber=1, status=retrasado, financingDocumentId=au9r2vng76kzd26xtog09ukt
[isQuotaCovered] No hay datos de cuotas cubiertas para Fau9r2vng76kzd26xtog09ukt
[calculatePendingBalance] Cuota SIM-20260520-au9r2vng76kzd26xtog09ukt-1: Total=$225, Abonos=$120, Pendiente=$105
[API Billing] Fetching records for financing: xieinhah7ff7qexyqhr14fu5
[Billing] Method 1: Fetching financing with records: xieinhah7ff7qexyqhr14fu5
[Billing] Method 2 (Fallback): Fetching for financing xieinhah7ff7qexyqhr14fu5
[Billing] Trying format 1 (documentId filter)
[Billing] Format 1 result: { count: 1 }
[API Billing] Found 1 records [
  {
    documentId: 't5hncnz3e2phy697rdc1uf2d',
    status: 'pendiente',
    parentRecordId: undefined,
    childCount: 0
  }
]
[SimulateOverdue] Pendientes encontrados: 1
[SimulateOverdue] Primer pendiente: {
  "id": 1504,
  "documentId": "t5hncnz3e2phy697rdc1uf2d",
  "receiptNumber": "SIM-20260527-xieinhah7ff7qexyqhr14fu5-1",
  "amount": 225,
  "currency": "PAB",
  "status": "pendiente",
  "quotaNumber": 1,
  "quotasCovered": 1,
  "quotaAmountCovered": null,
  "advanceCredit": 0,
  "remainingQuotaBalance": 0,
  "lateFeeAmount": 0,
  "daysLate": 0,
  "dueDate": "2026-05-29",
  "paymentDate": null,
  "confirmationNumber": null,
  "verifiedInBank": false,
  "verifiedAt": null,
  "comments": null,
  "isSimulated": true,
  "createdAt": "2026-05-27T20:22:57.889Z",
  "updatedAt": "2026-05-27T20:22:57.889Z",
  "publishedAt": "2026-05-27T20:22:57.881Z",
  "financing": {
    "id": 56,
    "documentId": "xieinhah7ff7qexyqhr14fu5",
    "financingNumber": "FIN-20260527-48600",
    "totalAmount": 49500,
    "financingMonths": 51,
    "paymentFrequency": "semanal",
    "quotaAmount": 225,
    "totalQuotas": 220,
    "paidQuotas": 0,
    "startDate": "2026-05-27",
    "nextDueDate": "2026-06-03",
    "status": "activo",
    "maxLateQuotasAllowed": 4,
    "lateFeePercentage": 10,
    "currentBalance": 49500,
    "totalPaid": 0,
    "totalLateFees": 0,
    "lateQuotasCount": 0,
    "partialPaymentCredit": 0,
    "notes": null,
    "createdAt": "2026-05-27T20:22:41.688Z",
    "updatedAt": "2026-05-27T20:22:41.688Z",
    "publishedAt": "2026-05-27T20:22:41.679Z"
  },
  "childRecords": []
}
[SimulateOverdue] Retrasadas encontradas: 6
[SimulateOverdue] Primera retrasada: {
  "id": 1195,
  "documentId": "kh2o89635rfnw76x55oxqdif",
  "receiptNumber": "Q-002",
  "amount": 386.36,
  "currency": "PAB",
  "status": "retrasado",
  "quotaNumber": 2,
  "quotasCovered": 1,
  "quotaAmountCovered": null,
  "advanceCredit": 0,
  "remainingQuotaBalance": 0,
  "lateFeeAmount": 38.64,
  "daysLate": 1,
  "dueDate": "2026-05-30",
  "paymentDate": null,
  "confirmationNumber": null,
  "verifiedInBank": false,
  "verifiedAt": null,
  "comments": null,
  "isSimulated": false,
  "createdAt": "2026-05-25T20:39:21.607Z",
  "updatedAt": "2026-05-27T17:19:22.096Z",
  "publishedAt": "2026-05-27T17:19:22.087Z",
  "financing": null,
  "childRecords": []
}
[SimulateOverdue] Total invoices a procesar: 7
[SimulateOverdue] FinancingDocumentId extraído: xieinhah7ff7qexyqhr14fu5
[SimulateOverdue] No se pudo extraer financingDocumentId de: null
[SimulateOverdue] No se pudo extraer financingDocumentId de: null
[SimulateOverdue] FinancingDocumentId extraído: au9r2vng76kzd26xtog09ukt
[SimulateOverdue] FinancingDocumentId extraído: au9r2vng76kzd26xtog09ukt
[SimulateOverdue] No se pudo extraer financingDocumentId de: null
[SimulateOverdue] FinancingDocumentId extraído: l39m443olgheszh1wqk8zkwq
[SimulateOverdue] FinancingDocumentIds encontrados: [xieinhah7ff7qexyqhr14fu5,au9r2vng76kzd26xtog09ukt,l39m443olgheszh1wqk8zkwq]
[getCoveredQuotasMap] Error fetching records: {"data":null,"error":{"status":400,"name":"ValidationError","message":"Invalid key financing","details":{"key":"financing","path":"financing","source":"query","param":"fields"}}}
[SimulateOverdue] Mapa de cuotas cubiertas:
[SimulateOverdue] Procesando record: quotaNumber=1, status=pendiente, financingDocumentId=xieinhah7ff7qexyqhr14fu5
[isQuotaCovered] No hay datos de cuotas cubiertas para Fxieinhah7ff7qexyqhr14fu5
[SimulateOverdue] Procesando record: quotaNumber=2, status=retrasado, financingDocumentId=undefined
[SimulateOverdue]   → No se pudo verificar: financingDocumentId=undefined, quotaNumber=2
[SimulateOverdue] Procesando record: quotaNumber=3, status=retrasado, financingDocumentId=undefined
[SimulateOverdue]   → No se pudo verificar: financingDocumentId=undefined, quotaNumber=3
[SimulateOverdue] Procesando record: quotaNumber=1, status=retrasado, financingDocumentId=au9r2vng76kzd26xtog09ukt
[isQuotaCovered] No hay datos de cuotas cubiertas para Fau9r2vng76kzd26xtog09ukt
[calculatePendingBalance] Cuota SIM-20260520-au9r2vng76kzd26xtog09ukt-1: Total=$225, Abonos=$120, Pendiente=$105
[SimulateOverdue] Procesando record: quotaNumber=2, status=retrasado, financingDocumentId=au9r2vng76kzd26xtog09ukt
[isQuotaCovered] No hay datos de cuotas cubiertas para Fau9r2vng76kzd26xtog09ukt
[SimulateOverdue] Procesando record: quotaNumber=1, status=retrasado, financingDocumentId=undefined
[SimulateOverdue]   → No se pudo verificar: financingDocumentId=undefined, quotaNumber=1
[SimulateOverdue] Procesando record: quotaNumber=1, status=retrasado, financingDocumentId=l39m443olgheszh1wqk8zkwq
[isQuotaCovered] No hay datos de cuotas cubiertas para Fl39m443olgheszh1wqk8zkwq
[API Billing] Fetching records for financing: xieinhah7ff7qexyqhr14fu5
[Billing] Method 1: Fetching financing with records: xieinhah7ff7qexyqhr14fu5
[Billing] Method 2 (Fallback): Fetching for financing xieinhah7ff7qexyqhr14fu5
[Billing] Trying format 1 (documentId filter)
[Billing] Format 1 result: { count: 1 }
[API Billing] Found 1 records [
  {
    documentId: 't5hncnz3e2phy697rdc1uf2d',
    status: 'retrasado',
    parentRecordId: undefined,
    childCount: 0
  }
]
[SimulateGeneration] Total financiamientos: 4, Filtrados (activo/en_mora): 4
[SimulateGeneration] Financing au9r2vng76kzd26xtog09ukt: Total records: 16
[SimulateGeneration] Cuota #1 ya existe con status: retrasado, saltando.
[SimulateGeneration] Ya existe cuota para financing xieinhah7ff7qexyqhr14fu5 en fecha 2026-05-29
[SimulateGeneration] Financing o8j1rb9af4881b2rlr4e5hmp: Total records: 18
[SimulateGeneration] Cuota #1 ya existe con status: pagado, saltando.
[SimulateGeneration] Financing l39m443olgheszh1wqk8zkwq: Total records: 14
[SimulateGeneration] Cuota #1 ya existe con status: retrasado, saltando.
[SimulateGeneration] Total financiamientos: 4, Filtrados (activo/en_mora): 4
[SimulateGeneration] Ya existe cuota para financing au9r2vng76kzd26xtog09ukt en fecha 2026-06-05
[SimulateGeneration] Financing xieinhah7ff7qexyqhr14fu5: Total records: 1
[SimulateGeneration] Creando cuota #2
[SimulateGeneration] Cuota creada: lefyrgryfli2x8okklz51nkh
[SimulateGeneration] Ejecutando auto-cover para financing xieinhah7ff7qexyqhr14fu5
[autoCoverPendingQuotas] Iniciando auto-cover para financing xieinhah7ff7qexyqhr14fu5
[autoCoverPendingQuotas] Adelantos con saldo: 0 []
[autoCoverPendingQuotas] No hay adelantos con saldo disponible
[SimulateGeneration] Financing o8j1rb9af4881b2rlr4e5hmp: Total records: 18
[SimulateGeneration] Cuota #2 ya existe con status: abonado, saltando.
[SimulateGeneration] Financing l39m443olgheszh1wqk8zkwq: Total records: 14
[SimulateGeneration] Cuota #2 ya existe con status: retrasado, saltando.
[SimulateOverdue] Retrasadas encontradas: 7
[SimulateOverdue] Primera retrasada: {
  "id": 1195,
  "documentId": "kh2o89635rfnw76x55oxqdif",
  "receiptNumber": "Q-002",
  "amount": 386.36,
  "currency": "PAB",
  "status": "retrasado",
  "quotaNumber": 2,
  "quotasCovered": 1,
  "quotaAmountCovered": null,
  "advanceCredit": 0,
  "remainingQuotaBalance": 0,
  "lateFeeAmount": 38.64,
  "daysLate": 1,
  "dueDate": "2026-05-30",
  "paymentDate": null,
  "confirmationNumber": null,
  "verifiedInBank": false,
  "verifiedAt": null,
  "comments": null,
  "isSimulated": false,
  "createdAt": "2026-05-25T20:39:21.607Z",
  "updatedAt": "2026-05-27T20:23:06.135Z",
  "publishedAt": "2026-05-27T20:23:06.127Z",
  "financing": null,
  "childRecords": []
}
[SimulateOverdue] Total invoices a procesar: 7
[SimulateOverdue] No se pudo extraer financingDocumentId de: null
[SimulateOverdue] No se pudo extraer financingDocumentId de: null
[SimulateOverdue] FinancingDocumentId extraído: au9r2vng76kzd26xtog09ukt
[SimulateOverdue] FinancingDocumentId extraído: au9r2vng76kzd26xtog09ukt
[SimulateOverdue] FinancingDocumentId extraído: xieinhah7ff7qexyqhr14fu5
[SimulateOverdue] No se pudo extraer financingDocumentId de: null
[SimulateOverdue] FinancingDocumentId extraído: l39m443olgheszh1wqk8zkwq
[SimulateOverdue] FinancingDocumentIds encontrados: [au9r2vng76kzd26xtog09ukt,xieinhah7ff7qexyqhr14fu5,l39m443olgheszh1wqk8zkwq]
[getCoveredQuotasMap] Error fetching records: {"data":null,"error":{"status":400,"name":"ValidationError","message":"Invalid key financing","details":{"key":"financing","path":"financing","source":"query","param":"fields"}}}
[SimulateOverdue] Mapa de cuotas cubiertas:
[SimulateOverdue] Procesando record: quotaNumber=2, status=retrasado, financingDocumentId=undefined
[SimulateOverdue]   → No se pudo verificar: financingDocumentId=undefined, quotaNumber=2
[SimulateOverdue] Procesando record: quotaNumber=3, status=retrasado, financingDocumentId=undefined
[SimulateOverdue]   → No se pudo verificar: financingDocumentId=undefined, quotaNumber=3
[SimulateOverdue] Procesando record: quotaNumber=1, status=retrasado, financingDocumentId=au9r2vng76kzd26xtog09ukt
[isQuotaCovered] No hay datos de cuotas cubiertas para Fau9r2vng76kzd26xtog09ukt
[calculatePendingBalance] Cuota SIM-20260520-au9r2vng76kzd26xtog09ukt-1: Total=$225, Abonos=$120, Pendiente=$105
[SimulateOverdue] Procesando record: quotaNumber=2, status=retrasado, financingDocumentId=au9r2vng76kzd26xtog09ukt
[isQuotaCovered] No hay datos de cuotas cubiertas para Fau9r2vng76kzd26xtog09ukt
[SimulateOverdue] Procesando record: quotaNumber=1, status=retrasado, financingDocumentId=xieinhah7ff7qexyqhr14fu5
[isQuotaCovered] No hay datos de cuotas cubiertas para Fxieinhah7ff7qexyqhr14fu5
[SimulateOverdue] Procesando record: quotaNumber=1, status=retrasado, financingDocumentId=undefined
[SimulateOverdue]   → No se pudo verificar: financingDocumentId=undefined, quotaNumber=1
[SimulateOverdue] Procesando record: quotaNumber=1, status=retrasado, financingDocumentId=l39m443olgheszh1wqk8zkwq
[isQuotaCovered] No hay datos de cuotas cubiertas para Fl39m443olgheszh1wqk8zkwq
[API Billing] Fetching records for financing: xieinhah7ff7qexyqhr14fu5
[Billing] Method 1: Fetching financing with records: xieinhah7ff7qexyqhr14fu5
[Billing] Method 2 (Fallback): Fetching for financing xieinhah7ff7qexyqhr14fu5
[Billing] Trying format 1 (documentId filter)
[Billing] Format 1 result: { count: 2 }
[API Billing] Found 2 records [
  {
    documentId: 't5hncnz3e2phy697rdc1uf2d',
    status: 'retrasado',
    parentRecordId: undefined,
    childCount: 0
  },
  {
    documentId: 'lefyrgryfli2x8okklz51nkh',
    status: 'pendiente',
    parentRecordId: undefined,
    childCount: 0
  }
]
[SimulateOverdue] Pendientes encontrados: 1
[SimulateOverdue] Primer pendiente: {
  "id": 1505,
  "documentId": "lefyrgryfli2x8okklz51nkh",
  "receiptNumber": "SIM-20260603-xieinhah7ff7qexyqhr14fu5-2",
  "amount": 225,
  "currency": "PAB",
  "status": "pendiente",
  "quotaNumber": 2,
  "quotasCovered": 1,
  "quotaAmountCovered": null,
  "advanceCredit": 0,
  "remainingQuotaBalance": 0,
  "lateFeeAmount": 0,
  "daysLate": 0,
  "dueDate": "2026-06-05",
  "paymentDate": null,
  "confirmationNumber": null,
  "verifiedInBank": false,
  "verifiedAt": null,
  "comments": null,
  "isSimulated": true,
  "createdAt": "2026-05-27T20:23:16.173Z",
  "updatedAt": "2026-05-27T20:23:16.173Z",
  "publishedAt": "2026-05-27T20:23:16.166Z",
  "financing": {
    "id": 56,
    "documentId": "xieinhah7ff7qexyqhr14fu5",
    "financingNumber": "FIN-20260527-48600",
    "totalAmount": 49500,
    "financingMonths": 51,
    "paymentFrequency": "semanal",
    "quotaAmount": 225,
    "totalQuotas": 220,
    "paidQuotas": 0,
    "startDate": "2026-05-27",
    "nextDueDate": "2026-06-03",
    "status": "activo",
    "maxLateQuotasAllowed": 4,
    "lateFeePercentage": 10,
    "currentBalance": 49500,
    "totalPaid": 0,
    "totalLateFees": 0,
    "lateQuotasCount": 0,
    "partialPaymentCredit": 0,
    "notes": null,
    "createdAt": "2026-05-27T20:22:41.688Z",
    "updatedAt": "2026-05-27T20:22:41.688Z",
    "publishedAt": "2026-05-27T20:22:41.679Z"
  },
  "childRecords": []
}
[SimulateOverdue] Retrasadas encontradas: 9
[SimulateOverdue] Primera retrasada: {
  "id": 1195,
  "documentId": "kh2o89635rfnw76x55oxqdif",
  "receiptNumber": "Q-002",
  "amount": 386.36,
  "currency": "PAB",
  "status": "retrasado",
  "quotaNumber": 2,
  "quotasCovered": 1,
  "quotaAmountCovered": null,
  "advanceCredit": 0,
  "remainingQuotaBalance": 0,
  "lateFeeAmount": 154.54,
  "daysLate": 4,
  "dueDate": "2026-05-30",
  "paymentDate": null,
  "confirmationNumber": null,
  "verifiedInBank": false,
  "verifiedAt": null,
  "comments": null,
  "isSimulated": false,
  "createdAt": "2026-05-25T20:39:21.607Z",
  "updatedAt": "2026-05-27T20:23:17.292Z",
  "publishedAt": "2026-05-27T20:23:17.287Z",
  "financing": null,
  "childRecords": []
}
[SimulateOverdue] Total invoices a procesar: 10
[SimulateOverdue] FinancingDocumentId extraído: xieinhah7ff7qexyqhr14fu5
[SimulateOverdue] No se pudo extraer financingDocumentId de: null
[SimulateOverdue] No se pudo extraer financingDocumentId de: null
[SimulateOverdue] FinancingDocumentId extraído: au9r2vng76kzd26xtog09ukt
[SimulateOverdue] FinancingDocumentId extraído: au9r2vng76kzd26xtog09ukt
[SimulateOverdue] FinancingDocumentId extraído: au9r2vng76kzd26xtog09ukt
[SimulateOverdue] FinancingDocumentId extraído: l39m443olgheszh1wqk8zkwq
[SimulateOverdue] FinancingDocumentId extraído: xieinhah7ff7qexyqhr14fu5
[SimulateOverdue] No se pudo extraer financingDocumentId de: null
[SimulateOverdue] FinancingDocumentId extraído: l39m443olgheszh1wqk8zkwq
[SimulateOverdue] FinancingDocumentIds encontrados: [xieinhah7ff7qexyqhr14fu5,au9r2vng76kzd26xtog09ukt,l39m443olgheszh1wqk8zkwq]
[getCoveredQuotasMap] Error fetching records: {"data":null,"error":{"status":400,"name":"ValidationError","message":"Invalid key financing","details":{"key":"financing","path":"financing","source":"query","param":"fields"}}}
[SimulateOverdue] Mapa de cuotas cubiertas:
[SimulateOverdue] Procesando record: quotaNumber=2, status=pendiente, financingDocumentId=xieinhah7ff7qexyqhr14fu5
[isQuotaCovered] No hay datos de cuotas cubiertas para Fxieinhah7ff7qexyqhr14fu5
[SimulateOverdue] Procesando record: quotaNumber=2, status=retrasado, financingDocumentId=undefined
[SimulateOverdue]   → No se pudo verificar: financingDocumentId=undefined, quotaNumber=2
[SimulateOverdue] Procesando record: quotaNumber=3, status=retrasado, financingDocumentId=undefined
[SimulateOverdue]   → No se pudo verificar: financingDocumentId=undefined, quotaNumber=3
[SimulateOverdue] Procesando record: quotaNumber=1, status=retrasado, financingDocumentId=au9r2vng76kzd26xtog09ukt
[isQuotaCovered] No hay datos de cuotas cubiertas para Fau9r2vng76kzd26xtog09ukt
[calculatePendingBalance] Cuota SIM-20260520-au9r2vng76kzd26xtog09ukt-1: Total=$225, Abonos=$120, Pendiente=$105
[SimulateOverdue] Procesando record: quotaNumber=2, status=retrasado, financingDocumentId=au9r2vng76kzd26xtog09ukt
[isQuotaCovered] No hay datos de cuotas cubiertas para Fau9r2vng76kzd26xtog09ukt
[SimulateOverdue] Procesando record: quotaNumber=3, status=retrasado, financingDocumentId=au9r2vng76kzd26xtog09ukt
[isQuotaCovered] No hay datos de cuotas cubiertas para Fau9r2vng76kzd26xtog09ukt
[SimulateOverdue] Procesando record: quotaNumber=2, status=retrasado, financingDocumentId=l39m443olgheszh1wqk8zkwq
[isQuotaCovered] No hay datos de cuotas cubiertas para Fl39m443olgheszh1wqk8zkwq
[SimulateOverdue] Procesando record: quotaNumber=1, status=retrasado, financingDocumentId=xieinhah7ff7qexyqhr14fu5
[isQuotaCovered] No hay datos de cuotas cubiertas para Fxieinhah7ff7qexyqhr14fu5
[SimulateOverdue] Procesando record: quotaNumber=1, status=retrasado, financingDocumentId=undefined
[SimulateOverdue]   → No se pudo verificar: financingDocumentId=undefined, quotaNumber=1
[SimulateOverdue] Procesando record: quotaNumber=1, status=retrasado, financingDocumentId=l39m443olgheszh1wqk8zkwq
[isQuotaCovered] No hay datos de cuotas cubiertas para Fl39m443olgheszh1wqk8zkwq
[API Billing] Fetching records for financing: xieinhah7ff7qexyqhr14fu5
[Billing] Method 1: Fetching financing with records: xieinhah7ff7qexyqhr14fu5
[Billing] Method 2 (Fallback): Fetching for financing xieinhah7ff7qexyqhr14fu5
[Billing] Trying format 1 (documentId filter)
[Billing] Format 1 result: { count: 2 }
[API Billing] Found 2 records [
  {
    documentId: 't5hncnz3e2phy697rdc1uf2d',
    status: 'retrasado',
    parentRecordId: undefined,
    childCount: 0
  },
  {
    documentId: 'lefyrgryfli2x8okklz51nkh',
    status: 'retrasado',
    parentRecordId: undefined,
    childCount: 0
  }
]
[notifications] Usuario autenticado: { id: 30, documentId: 'uwhuprf218vdc1mup3esrvfz', role: 'admin' }
[notifications] Usuario autenticado: { id: 30, documentId: 'uwhuprf218vdc1mup3esrvfz', role: 'admin' }
[notifications] Usuario autenticado: { id: 30, documentId: 'uwhuprf218vdc1mup3esrvfz', role: 'admin' }
[notifications] Usuario autenticado: { id: 30, documentId: 'uwhuprf218vdc1mup3esrvfz', role: 'admin' }
[notifications] Usuario autenticado: { id: 30, documentId: 'uwhuprf218vdc1mup3esrvfz', role: 'admin' }
[notifications] Usuario autenticado: { id: 30, documentId: 'uwhuprf218vdc1mup3esrvfz', role: 'admin' }
[notifications] Usuario autenticado: { id: 30, documentId: 'uwhuprf218vdc1mup3esrvfz', role: 'admin' }
[notifications] Usuario autenticado: { id: 30, documentId: 'uwhuprf218vdc1mup3esrvfz', role: 'admin' }
[notifications] Usuario autenticado: { id: 30, documentId: 'uwhuprf218vdc1mup3esrvfz', role: 'admin' }
[notifications] Usuario autenticado: { id: 30, documentId: 'uwhuprf218vdc1mup3esrvfz', role: 'admin' }
[notifications] Usuario autenticado: { id: 30, documentId: 'uwhuprf218vdc1mup3esrvfz', role: 'admin' }
[notifications] Usuario autenticado: { id: 30, documentId: 'uwhuprf218vdc1mup3esrvfz', role: 'admin' }
[notifications] Usuario autenticado: { id: 30, documentId: 'uwhuprf218vdc1mup3esrvfz', role: 'admin' }
[notifications] Usuario autenticado: { id: 30, documentId: 'uwhuprf218vdc1mup3esrvfz', role: 'admin' }
[notifications] Usuario autenticado: { id: 30, documentId: 'uwhuprf218vdc1mup3esrvfz', role: 'admin' }
[notifications] Usuario autenticado: { id: 30, documentId: 'uwhuprf218vdc1mup3esrvfz', role: 'admin' }
[notifications] Usuario autenticado: { id: 30, documentId: 'uwhuprf218vdc1mup3esrvfz', role: 'admin' }
[notifications] Usuario autenticado: { id: 30, documentId: 'uwhuprf218vdc1mup3esrvfz', role: 'admin' }
[notifications] Usuario autenticado: { id: 30, documentId: 'uwhuprf218vdc1mup3esrvfz', role: 'admin' }
[notifications] Usuario autenticado: { id: 30, documentId: 'uwhuprf218vdc1mup3esrvfz', role: 'admin' }
[notifications] Usuario autenticado: { id: 30, documentId: 'uwhuprf218vdc1mup3esrvfz', role: 'admin' }
[notifications] Usuario autenticado: { id: 30, documentId: 'uwhuprf218vdc1mup3esrvfz', role: 'admin' }
[notifications] Usuario autenticado: { id: 30, documentId: 'uwhuprf218vdc1mup3esrvfz', role: 'admin' }
[notifications] Usuario autenticado: { id: 30, documentId: 'uwhuprf218vdc1mup3esrvfz', role: 'admin' }
[notifications] Usuario autenticado: { id: 30, documentId: 'uwhuprf218vdc1mup3esrvfz', role: 'admin' }
